
*** Imported 158 new test cases from: //home/rahbar/plot/cov/afl/s8/1//queue

[+] AFL test case: id:000000,orig:8 (0 / 158), cycle: 0
    lines......: 41.9% (1523 of 3635 lines)
    functions..: 58.8% (151 of 257 functions)
    branches...: 32.0% (518 of 1621 branches)

    Coverage diff (init) id:000000,orig:8
diff (init) -> id:000000,orig:8
New src file: /home/rahbar/tinydtls-fuzz-cov/aes/rijndael.c
  New 'function' coverage: rijndaelEncrypt()
  New 'function' coverage: rijndaelKeySetupEnc()
  New 'function' coverage: rijndael_encrypt()
  New 'function' coverage: rijndael_set_key_enc_only()
  New 'line' coverage: 1000
  New 'line' coverage: 1001
  New 'line' coverage: 1002
  New 'line' coverage: 1003
  New 'line' coverage: 1004
  New 'line' coverage: 1005
  New 'line' coverage: 1006
  New 'line' coverage: 1007
  New 'line' coverage: 1008
  New 'line' coverage: 1009
  New 'line' coverage: 1016
  New 'line' coverage: 1017
  New 'line' coverage: 1018
  New 'line' coverage: 1019
  New 'line' coverage: 1020
  New 'line' coverage: 1021
  New 'line' coverage: 1022
  New 'line' coverage: 1023
  New 'line' coverage: 1024
  New 'line' coverage: 1025
  New 'line' coverage: 1026
  New 'line' coverage: 1027
  New 'line' coverage: 1028
  New 'line' coverage: 1029
  New 'line' coverage: 1030
  New 'line' coverage: 1031
  New 'line' coverage: 1032
  New 'line' coverage: 1033
  New 'line' coverage: 1034
  New 'line' coverage: 1035
  New 'line' coverage: 1036
  New 'line' coverage: 1037
  New 'line' coverage: 1038
  New 'line' coverage: 1039
  New 'line' coverage: 1040
  New 'line' coverage: 1041
  New 'line' coverage: 1042
  New 'line' coverage: 1043
  New 'line' coverage: 1044
  New 'line' coverage: 1234
  New 'line' coverage: 1238
  New 'line' coverage: 1239
  New 'line' coverage: 1242
  New 'line' coverage: 1247
  New 'line' coverage: 1277
  New 'line' coverage: 1279
  New 'line' coverage: 1280
  New 'line' coverage: 731
  New 'line' coverage: 733
  New 'line' coverage: 736
  New 'line' coverage: 737
  New 'line' coverage: 738
  New 'line' coverage: 739
  New 'line' coverage: 740
  New 'line' coverage: 742
  New 'line' coverage: 743
  New 'line' coverage: 744
  New 'line' coverage: 745
  New 'line' coverage: 746
  New 'line' coverage: 747
  New 'line' coverage: 748
  New 'line' coverage: 749
  New 'line' coverage: 750
  New 'line' coverage: 751
  New 'line' coverage: 752
  New 'line' coverage: 753
  New 'line' coverage: 755
  New 'line' coverage: 863
  New 'line' coverage: 875
  New 'line' coverage: 876
  New 'line' coverage: 877
  New 'line' coverage: 878
  New 'line' coverage: 954
  New 'line' coverage: 956
  New 'line' coverage: 957
  New 'line' coverage: 958
  New 'line' coverage: 959
  New 'line' coverage: 960
  New 'line' coverage: 961
  New 'line' coverage: 962
  New 'line' coverage: 963
  New 'line' coverage: 964
  New 'line' coverage: 965
  New 'line' coverage: 966
  New 'line' coverage: 967
  New 'line' coverage: 968
  New 'line' coverage: 969
  New 'line' coverage: 970
  New 'line' coverage: 971
  New 'line' coverage: 972
  New 'line' coverage: 973
  New 'line' coverage: 974
  New 'line' coverage: 975
  New 'line' coverage: 976
  New 'line' coverage: 977
  New 'line' coverage: 978
  New 'line' coverage: 979
  New 'line' coverage: 981
  New 'line' coverage: 982
  New 'line' coverage: 983
  New 'line' coverage: 986
  New 'line' coverage: 987
  New 'line' coverage: 988
  New 'line' coverage: 989
  New 'line' coverage: 990
  New 'line' coverage: 991
  New 'line' coverage: 992
  New 'line' coverage: 993
  New 'line' coverage: 994
  New 'line' coverage: 995
  New 'line' coverage: 996
  New 'line' coverage: 997
  New 'line' coverage: 998
  New 'line' coverage: 999
New src file: /home/rahbar/tinydtls-fuzz-cov/dtls-peer.c
  New 'function' coverage: dtls_free_peer()
  New 'function' coverage: dtls_malloc_peer()
  New 'function' coverage: dtls_new_peer()
  New 'function' coverage: dtls_peer_init()
  New 'line' coverage: 30
  New 'line' coverage: 32
  New 'line' coverage: 33
  New 'line' coverage: 36
  New 'line' coverage: 37
  New 'line' coverage: 41
  New 'line' coverage: 42
  New 'line' coverage: 43
  New 'line' coverage: 44
  New 'line' coverage: 45
  New 'line' coverage: 46
  New 'line' coverage: 49
  New 'line' coverage: 52
  New 'line' coverage: 53
  New 'line' coverage: 54
  New 'line' coverage: 55
  New 'line' coverage: 56
  New 'line' coverage: 58
  New 'line' coverage: 63
  New 'line' coverage: 66
New src file: /home/rahbar/tinydtls-fuzz-cov/dtls-peer.h
  New 'function' coverage: dtls_security_params()
  New 'function' coverage: dtls_security_params_epoch()
  New 'function' coverage: dtls_security_params_free_other()
  New 'function' coverage: dtls_security_params_next()
  New 'function' coverage: dtls_security_params_switch()
  New 'line' coverage: 47
  New 'line' coverage: 49
  New 'line' coverage: 50
  New 'line' coverage: 51
  New 'line' coverage: 52
  New 'line' coverage: 58
  New 'line' coverage: 60
  New 'line' coverage: 63
  New 'line' coverage: 65
  New 'line' coverage: 68
  New 'line' coverage: 69
  New 'line' coverage: 72
  New 'line' coverage: 73
  New 'line' coverage: 76
  New 'line' coverage: 78
  New 'line' coverage: 79
  New 'line' coverage: 81
  New 'line' coverage: 82
  New 'line' coverage: 84
  New 'line' coverage: 85
  New 'line' coverage: 88
  New 'line' coverage: 90
  New 'line' coverage: 92
  New 'line' coverage: 93
  New 'line' coverage: 94
New src file: /home/rahbar/tinydtls-fuzz-cov/tinydtls.h
  New 'function' coverage: dtls_equals()
  New 'function' coverage: memxor()
  New 'line' coverage: 109
  New 'line' coverage: 110
  New 'line' coverage: 111
  New 'line' coverage: 112
  New 'line' coverage: 114
  New 'line' coverage: 127
  New 'line' coverage: 129
  New 'line' coverage: 130
  New 'line' coverage: 131
  New 'line' coverage: 133
New src file: /home/rahbar/tinydtls-fuzz-cov/dtls-crypto.c
  New 'function' coverage: dtls_ccm_decrypt()
  New 'function' coverage: dtls_ccm_encrypt()
  New 'function' coverage: dtls_crypto_init()
  New 'function' coverage: dtls_decrypt()
  New 'function' coverage: dtls_encrypt()
  New 'function' coverage: dtls_handshake_dealloc()
  New 'function' coverage: dtls_handshake_free()
  New 'function' coverage: dtls_handshake_malloc()
  New 'function' coverage: dtls_handshake_new()
  New 'function' coverage: dtls_p_hash()
  New 'function' coverage: dtls_prf()
  New 'function' coverage: dtls_psk_pre_master_secret()
  New 'function' coverage: dtls_security_dealloc()
  New 'function' coverage: dtls_security_free()
  New 'function' coverage: dtls_security_malloc()
  New 'function' coverage: dtls_security_new()
  New 'line' coverage: 102
  New 'line' coverage: 106
  New 'line' coverage: 107
  New 'line' coverage: 112
  New 'line' coverage: 114
  New 'line' coverage: 115
  New 'line' coverage: 116
  New 'line' coverage: 118
  New 'line' coverage: 121
  New 'line' coverage: 123
  New 'line' coverage: 124
  New 'line' coverage: 126
  New 'line' coverage: 130
  New 'line' coverage: 141
  New 'line' coverage: 143
  New 'line' coverage: 144
  New 'line' coverage: 148
  New 'line' coverage: 149
  New 'line' coverage: 150
  New 'line' coverage: 152
  New 'line' coverage: 154
  New 'line' coverage: 155
  New 'line' coverage: 158
  New 'line' coverage: 161
  New 'line' coverage: 162
  New 'line' coverage: 164
  New 'line' coverage: 165
  New 'line' coverage: 166
  New 'line' coverage: 168
  New 'line' coverage: 169
  New 'line' coverage: 170
  New 'line' coverage: 173
  New 'line' coverage: 174
  New 'line' coverage: 175
  New 'line' coverage: 178
  New 'line' coverage: 179
  New 'line' coverage: 181
  New 'line' coverage: 182
  New 'line' coverage: 183
  New 'line' coverage: 185
  New 'line' coverage: 186
  New 'line' coverage: 188
  New 'line' coverage: 189
  New 'line' coverage: 190
  New 'line' coverage: 192
  New 'line' coverage: 196
  New 'line' coverage: 203
  New 'line' coverage: 204
  New 'line' coverage: 230
  New 'line' coverage: 236
  New 'line' coverage: 238
  New 'line' coverage: 243
  New 'line' coverage: 247
  New 'line' coverage: 253
  New 'line' coverage: 255
  New 'line' coverage: 260
  New 'line' coverage: 265
  New 'line' coverage: 267
  New 'line' coverage: 269
  New 'line' coverage: 273
  New 'line' coverage: 274
  New 'line' coverage: 276
  New 'line' coverage: 277
  New 'line' coverage: 279
  New 'line' coverage: 280
  New 'line' coverage: 282
  New 'line' coverage: 284
  New 'line' coverage: 471
  New 'line' coverage: 478
  New 'line' coverage: 48
  New 'line' coverage: 480
  New 'line' coverage: 481
  New 'line' coverage: 487
  New 'line' coverage: 489
  New 'line' coverage: 491
  New 'line' coverage: 492
  New 'line' coverage: 493
  New 'line' coverage: 497
  New 'line' coverage: 50
  New 'line' coverage: 504
  New 'line' coverage: 506
  New 'line' coverage: 507
  New 'line' coverage: 51
  New 'line' coverage: 513
  New 'line' coverage: 515
  New 'line' coverage: 517
  New 'line' coverage: 518
  New 'line' coverage: 519
  New 'line' coverage: 52
  New 'line' coverage: 54
  New 'line' coverage: 55
  New 'line' coverage: 58
  New 'line' coverage: 59
  New 'line' coverage: 60
  New 'line' coverage: 62
  New 'line' coverage: 63
  New 'line' coverage: 66
  New 'line' coverage: 67
  New 'line' coverage: 68
  New 'line' coverage: 70
  New 'line' coverage: 74
  New 'line' coverage: 75
  New 'line' coverage: 80
  New 'line' coverage: 82
  New 'line' coverage: 88
  New 'line' coverage: 90
  New 'line' coverage: 93
  New 'line' coverage: 95
  New 'line' coverage: 96
  New 'line' coverage: 98
  New 'line' coverage: 99
New src file: /home/rahbar/tinydtls-fuzz-cov/dtls-hmac.h
  New 'function' coverage: dtls_hash_finalize()
  New 'function' coverage: dtls_hash_init()
  New 'function' coverage: dtls_hash_update()
  New 'line' coverage: 33
  New 'line' coverage: 34
  New 'line' coverage: 35
  New 'line' coverage: 38
  New 'line' coverage: 39
  New 'line' coverage: 40
  New 'line' coverage: 43
  New 'line' coverage: 44
  New 'line' coverage: 45
New src file: /home/rahbar/tinydtls-fuzz-cov/dtls-numeric.h
  New 'function' coverage: dtls_int_to_uint16()
  New 'function' coverage: dtls_int_to_uint24()
  New 'function' coverage: dtls_int_to_uint32()
  New 'function' coverage: dtls_int_to_uint48()
  New 'function' coverage: dtls_int_to_uint8()
  New 'function' coverage: dtls_uint16_to_int()
  New 'function' coverage: dtls_uint24_to_int()
  New 'function' coverage: dtls_uint8_to_int()
  New 'line' coverage: 100
  New 'line' coverage: 101
  New 'line' coverage: 32
  New 'line' coverage: 34
  New 'line' coverage: 35
  New 'line' coverage: 38
  New 'line' coverage: 40
  New 'line' coverage: 41
  New 'line' coverage: 42
  New 'line' coverage: 45
  New 'line' coverage: 47
  New 'line' coverage: 48
  New 'line' coverage: 49
  New 'line' coverage: 50
  New 'line' coverage: 53
  New 'line' coverage: 55
  New 'line' coverage: 56
  New 'line' coverage: 57
  New 'line' coverage: 58
  New 'line' coverage: 59
  New 'line' coverage: 62
  New 'line' coverage: 64
  New 'line' coverage: 65
  New 'line' coverage: 66
  New 'line' coverage: 67
  New 'line' coverage: 68
  New 'line' coverage: 69
  New 'line' coverage: 70
  New 'line' coverage: 86
  New 'line' coverage: 88
  New 'line' coverage: 91
  New 'line' coverage: 93
  New 'line' coverage: 94
  New 'line' coverage: 97
  New 'line' coverage: 99
New src file: /home/rahbar/tinydtls-fuzz-cov/dtls-hmac.c
  New 'function' coverage: dtls_hmac_context_free()
  New 'function' coverage: dtls_hmac_context_new()
  New 'function' coverage: dtls_hmac_finalize()
  New 'function' coverage: dtls_hmac_free()
  New 'function' coverage: dtls_hmac_init()
  New 'function' coverage: dtls_hmac_new()
  New 'function' coverage: dtls_hmac_storage_init()
  New 'function' coverage: dtls_hmac_update()
  New 'line' coverage: 102
  New 'line' coverage: 103
  New 'line' coverage: 104
  New 'line' coverage: 105
  New 'line' coverage: 108
  New 'line' coverage: 112
  New 'line' coverage: 113
  New 'line' coverage: 115
  New 'line' coverage: 117
  New 'line' coverage: 118
  New 'line' coverage: 119
  New 'line' coverage: 121
  New 'line' coverage: 123
  New 'line' coverage: 41
  New 'line' coverage: 42
  New 'line' coverage: 46
  New 'line' coverage: 47
  New 'line' coverage: 48
  New 'line' coverage: 51
  New 'line' coverage: 52
  New 'line' coverage: 53
  New 'line' coverage: 57
  New 'line' coverage: 59
  New 'line' coverage: 60
  New 'line' coverage: 61
  New 'line' coverage: 64
  New 'line' coverage: 67
  New 'line' coverage: 68
  New 'line' coverage: 69
  New 'line' coverage: 71
  New 'line' coverage: 75
  New 'line' coverage: 78
  New 'line' coverage: 80
  New 'line' coverage: 82
  New 'line' coverage: 87
  New 'line' coverage: 90
  New 'line' coverage: 91
  New 'line' coverage: 93
  New 'line' coverage: 94
  New 'line' coverage: 97
  New 'line' coverage: 98
  New 'line' coverage: 99
New src file: /home/rahbar/tinydtls-fuzz-cov/dtls-log.h
  New 'function' coverage: dtls_debug_dump()
  New 'function' coverage: dtls_debug_hexdump()
  New 'function' coverage: dtls_debug_session()
  New 'line' coverage: 103
  New 'line' coverage: 106
  New 'line' coverage: 111
  New 'line' coverage: 90
  New 'line' coverage: 95
  New 'line' coverage: 98
New src file: /home/rahbar/tinydtls-fuzz-cov/netq.c
  New 'function' coverage: netq_delete_all()
  New 'function' coverage: netq_free_node()
  New 'function' coverage: netq_head()
  New 'function' coverage: netq_init()
  New 'function' coverage: netq_insert_node()
  New 'function' coverage: netq_malloc_node()
  New 'function' coverage: netq_next()
  New 'function' coverage: netq_node_free()
  New 'function' coverage: netq_node_new()
  New 'function' coverage: netq_remove()
  New 'line' coverage: 103
  New 'line' coverage: 104
  New 'line' coverage: 105
  New 'line' coverage: 106
  New 'line' coverage: 108
  New 'line' coverage: 113
  New 'line' coverage: 114
  New 'line' coverage: 135
  New 'line' coverage: 137
  New 'line' coverage: 139
  New 'line' coverage: 143
  New 'line' coverage: 144
  New 'line' coverage: 147
  New 'line' coverage: 151
  New 'line' coverage: 153
  New 'line' coverage: 154
  New 'line' coverage: 156
  New 'line' coverage: 159
  New 'line' coverage: 162
  New 'line' coverage: 163
  New 'line' coverage: 164
  New 'line' coverage: 170
  New 'line' coverage: 172
  New 'line' coverage: 40
  New 'line' coverage: 41
  New 'line' coverage: 45
  New 'line' coverage: 46
  New 'line' coverage: 47
  New 'line' coverage: 50
  New 'line' coverage: 51
  New 'line' coverage: 52
  New 'line' coverage: 55
  New 'line' coverage: 58
  New 'line' coverage: 59
  New 'line' coverage: 61
  New 'line' coverage: 62
  New 'line' coverage: 63
  New 'line' coverage: 64
  New 'line' coverage: 65
  New 'line' coverage: 68
  New 'line' coverage: 69
  New 'line' coverage: 70
  New 'line' coverage: 72
  New 'line' coverage: 74
  New 'line' coverage: 78
  New 'line' coverage: 79
  New 'line' coverage: 83
  New 'line' coverage: 84
  New 'line' coverage: 87
  New 'line' coverage: 91
  New 'line' coverage: 95
  New 'line' coverage: 99
New src file: /home/rahbar/tinydtls-fuzz-cov/dtls.c
  New 'function' coverage: add_peer()
  New 'function' coverage: calculate_key_block()
  New 'function' coverage: check_client_keyexchange()
  New 'function' coverage: check_finished()
  New 'function' coverage: check_server_hello()
  New 'function' coverage: check_server_hello_verify_request()
  New 'function' coverage: check_server_hellodone()
  New 'function' coverage: clear_hs_hash()
  New 'function' coverage: copy_hs_hash()
  New 'function' coverage: decrypt_verify()
  New 'function' coverage: delete_peer()
  New 'function' coverage: dtls_add_peer()
  New 'function' coverage: dtls_check_tls_extension()
  New 'function' coverage: dtls_close()
  New 'function' coverage: dtls_connect()
  New 'function' coverage: dtls_connect_peer()
  New 'function' coverage: dtls_create_cookie()
  New 'function' coverage: dtls_debug_keyblock()
  New 'function' coverage: dtls_destroy_peer()
  New 'function' coverage: dtls_free_context()
  New 'function' coverage: dtls_get_cookie()
  New 'function' coverage: dtls_get_peer()
  New 'function' coverage: dtls_handle_message()
  New 'function' coverage: dtls_init()
  New 'function' coverage: dtls_new_context()
  New 'function' coverage: dtls_prepare_record()
  New 'function' coverage: dtls_send()
  New 'function' coverage: dtls_send_alert()
  New 'function' coverage: dtls_send_ccs()
  New 'function' coverage: dtls_send_client_hello()
  New 'function' coverage: dtls_send_client_key_exchange()
  New 'function' coverage: dtls_send_finished()
  New 'function' coverage: dtls_send_handshake_msg()
  New 'function' coverage: dtls_send_handshake_msg_hash()
  New 'function' coverage: dtls_send_multi()
  New 'function' coverage: dtls_send_server_hello()
  New 'function' coverage: dtls_send_server_hello_done()
  New 'function' coverage: dtls_send_server_hello_msgs()
  New 'function' coverage: dtls_set_handshake_header()
  New 'function' coverage: dtls_set_record_header()
  New 'function' coverage: dtls_stop_retransmission()
  New 'function' coverage: dtls_update_parameters()
  New 'function' coverage: dtls_verify_peer()
  New 'function' coverage: finalize_hs_hash()
  New 'function' coverage: handle_ccs()
  New 'function' coverage: handle_handshake()
  New 'function' coverage: handle_handshake_msg()
  New 'function' coverage: is_ecdsa_supported()
  New 'function' coverage: is_psk_supported()
  New 'function' coverage: is_record()
  New 'function' coverage: is_tls_ecdhe_ecdsa_with_aes_128_ccm_8()
  New 'function' coverage: is_tls_psk_with_aes_128_ccm_8()
  New 'function' coverage: known_cipher()
  New 'function' coverage: update_hs_hash()
  New 'line' coverage: 1001
  New 'line' coverage: 1002
  New 'line' coverage: 1003
  New 'line' coverage: 1004
  New 'line' coverage: 1005
  New 'line' coverage: 1006
  New 'line' coverage: 1010
  New 'line' coverage: 1012
  New 'line' coverage: 1019
  New 'line' coverage: 1028
  New 'line' coverage: 1029
  New 'line' coverage: 1032
  New 'line' coverage: 1033
  New 'line' coverage: 1035
  New 'line' coverage: 1036
  New 'line' coverage: 1037
  New 'line' coverage: 1038
  New 'line' coverage: 1039
  New 'line' coverage: 1040
  New 'line' coverage: 1042
  New 'line' coverage: 1043
  New 'line' coverage: 1046
  New 'line' coverage: 1051
  New 'line' coverage: 1065
  New 'line' coverage: 1068
  New 'line' coverage: 1073
  New 'line' coverage: 1103
  New 'line' coverage: 1106
  New 'line' coverage: 1110
  New 'line' coverage: 1112
  New 'line' coverage: 1113
  New 'line' coverage: 1115
  New 'line' coverage: 1120
  New 'line' coverage: 1125
  New 'line' coverage: 1126
  New 'line' coverage: 1129
  New 'line' coverage: 1133
  New 'line' coverage: 1134
  New 'line' coverage: 1135
  New 'line' coverage: 1136
  New 'line' coverage: 1139
  New 'line' coverage: 1140
  New 'line' coverage: 1142
  New 'line' coverage: 1145
  New 'line' coverage: 1146
  New 'line' coverage: 1150
  New 'line' coverage: 1151
  New 'line' coverage: 1153
  New 'line' coverage: 1154
  New 'line' coverage: 1167
  New 'line' coverage: 1173
  New 'line' coverage: 1176
  New 'line' coverage: 1190
  New 'line' coverage: 1192
  New 'line' coverage: 1196
  New 'line' coverage: 1198
  New 'line' coverage: 1199
  New 'line' coverage: 1200
  New 'line' coverage: 1202
  New 'line' coverage: 1203
  New 'line' coverage: 1206
  New 'line' coverage: 1213
  New 'line' coverage: 1214
  New 'line' coverage: 1217
  New 'line' coverage: 1219
  New 'line' coverage: 1247
  New 'line' coverage: 1256
  New 'line' coverage: 1261
  New 'line' coverage: 1262
  New 'line' coverage: 1264
  New 'line' coverage: 1267
  New 'line' coverage: 1268
  New 'line' coverage: 1270
  New 'line' coverage: 1275
  New 'line' coverage: 1276
  New 'line' coverage: 1277
  New 'line' coverage: 1288
  New 'line' coverage: 1292
  New 'line' coverage: 1340
  New 'line' coverage: 1341
  New 'line' coverage: 1342
  New 'line' coverage: 1344
  New 'line' coverage: 1346
  New 'line' coverage: 1351
  New 'line' coverage: 1352
  New 'line' coverage: 1353
  New 'line' coverage: 1356
  New 'line' coverage: 1357
  New 'line' coverage: 1359
  New 'line' coverage: 1361
  New 'line' coverage: 1362
  New 'line' coverage: 1370
  New 'line' coverage: 1371
  New 'line' coverage: 1372
  New 'line' coverage: 1374
  New 'line' coverage: 1375
  New 'line' coverage: 1379
  New 'line' coverage: 1382
  New 'line' coverage: 1383
  New 'line' coverage: 1387
  New 'line' coverage: 1389
  New 'line' coverage: 1390
  New 'line' coverage: 1394
  New 'line' coverage: 1404
  New 'line' coverage: 1405
  New 'line' coverage: 1407
  New 'line' coverage: 1410
  New 'line' coverage: 1411
  New 'line' coverage: 1413
  New 'line' coverage: 1414
  New 'line' coverage: 1415
  New 'line' coverage: 1417
  New 'line' coverage: 1418
  New 'line' coverage: 1419
  New 'line' coverage: 1421
  New 'line' coverage: 1422
  New 'line' coverage: 1423
  New 'line' coverage: 1427
  New 'line' coverage: 1432
  New 'line' coverage: 1437
  New 'line' coverage: 1440
  New 'line' coverage: 1481
  New 'line' coverage: 149
  New 'line' coverage: 1493
  New 'line' coverage: 1496
  New 'line' coverage: 1498
  New 'line' coverage: 150
  New 'line' coverage: 1500
  New 'line' coverage: 1506
  New 'line' coverage: 1507
  New 'line' coverage: 1508
  New 'line' coverage: 1509
  New 'line' coverage: 151
  New 'line' coverage: 1512
  New 'line' coverage: 1515
  New 'line' coverage: 1516
  New 'line' coverage: 1518
  New 'line' coverage: 1519
  New 'line' coverage: 152
  New 'line' coverage: 1520
  New 'line' coverage: 1521
  New 'line' coverage: 1522
  New 'line' coverage: 1523
  New 'line' coverage: 1524
  New 'line' coverage: 1525
  New 'line' coverage: 1526
  New 'line' coverage: 1527
  New 'line' coverage: 1528
  New 'line' coverage: 153
  New 'line' coverage: 1531
  New 'line' coverage: 1535
  New 'line' coverage: 154
  New 'line' coverage: 1544
  New 'line' coverage: 1549
  New 'line' coverage: 155
  New 'line' coverage: 1553
  New 'line' coverage: 1555
  New 'line' coverage: 1557
  New 'line' coverage: 1558
  New 'line' coverage: 1562
  New 'line' coverage: 1563
  New 'line' coverage: 1566
  New 'line' coverage: 1568
  New 'line' coverage: 1569
  New 'line' coverage: 1571
  New 'line' coverage: 1573
  New 'line' coverage: 1576
  New 'line' coverage: 1578
  New 'line' coverage: 1581
  New 'line' coverage: 1582
  New 'line' coverage: 1583
  New 'line' coverage: 1584
  New 'line' coverage: 1585
  New 'line' coverage: 1587
  New 'line' coverage: 1607
  New 'line' coverage: 1614
  New 'line' coverage: 1615
  New 'line' coverage: 1616
  New 'line' coverage: 1622
  New 'line' coverage: 1623
  New 'line' coverage: 1626
  New 'line' coverage: 1628
  New 'line' coverage: 1631
  New 'line' coverage: 1632
  New 'line' coverage: 1638
  New 'line' coverage: 1641
  New 'line' coverage: 1643
  New 'line' coverage: 1675
  New 'line' coverage: 1812
  New 'line' coverage: 1824
  New 'line' coverage: 1828
  New 'line' coverage: 1830
  New 'line' coverage: 1832
  New 'line' coverage: 1835
  New 'line' coverage: 1838
  New 'line' coverage: 1839
  New 'line' coverage: 1843
  New 'line' coverage: 1847
  New 'line' coverage: 1848
  New 'line' coverage: 1850
  New 'line' coverage: 1851
  New 'line' coverage: 1853
  New 'line' coverage: 1855
  New 'line' coverage: 1857
  New 'line' coverage: 1858
  New 'line' coverage: 1861
  New 'line' coverage: 1864
  New 'line' coverage: 187
  New 'line' coverage: 1870
  New 'line' coverage: 189
  New 'line' coverage: 190
  New 'line' coverage: 1909
  New 'line' coverage: 1913
  New 'line' coverage: 1914
  New 'line' coverage: 202
  New 'line' coverage: 204
  New 'line' coverage: 205
  New 'line' coverage: 206
  New 'line' coverage: 207
  New 'line' coverage: 208
  New 'line' coverage: 213
  New 'line' coverage: 2151
  New 'line' coverage: 2158
  New 'line' coverage: 2163
  New 'line' coverage: 2167
  New 'line' coverage: 2169
  New 'line' coverage: 2174
  New 'line' coverage: 2179
  New 'line' coverage: 2215
  New 'line' coverage: 222
  New 'line' coverage: 2221
  New 'line' coverage: 2224
  New 'line' coverage: 2229
  New 'line' coverage: 223
  New 'line' coverage: 2234
  New 'line' coverage: 224
  New 'line' coverage: 2240
  New 'line' coverage: 2242
  New 'line' coverage: 2246
  New 'line' coverage: 2250
  New 'line' coverage: 2251
  New 'line' coverage: 2253
  New 'line' coverage: 2258
  New 'line' coverage: 226
  New 'line' coverage: 2264
  New 'line' coverage: 2267
  New 'line' coverage: 2269
  New 'line' coverage: 2271
  New 'line' coverage: 2273
  New 'line' coverage: 2276
  New 'line' coverage: 2281
  New 'line' coverage: 2286
  New 'line' coverage: 2291
  New 'line' coverage: 2292
  New 'line' coverage: 2294
  New 'line' coverage: 2295
  New 'line' coverage: 2297
  New 'line' coverage: 2298
  New 'line' coverage: 2300
  New 'line' coverage: 2332
  New 'line' coverage: 2334
  New 'line' coverage: 2335
  New 'line' coverage: 2380
  New 'line' coverage: 2387
  New 'line' coverage: 2389
  New 'line' coverage: 2393
  New 'line' coverage: 2395
  New 'line' coverage: 2397
  New 'line' coverage: 2404
  New 'line' coverage: 2406
  New 'line' coverage: 2408
  New 'line' coverage: 2410
  New 'line' coverage: 2411
  New 'line' coverage: 2415
  New 'line' coverage: 2418
  New 'line' coverage: 2426
  New 'line' coverage: 2429
  New 'line' coverage: 2431
  New 'line' coverage: 2432
  New 'line' coverage: 2434
  New 'line' coverage: 2435
  New 'line' coverage: 2437
  New 'line' coverage: 2441
  New 'line' coverage: 2442
  New 'line' coverage: 2444
  New 'line' coverage: 2449
  New 'line' coverage: 2452
  New 'line' coverage: 2453
  New 'line' coverage: 2454
  New 'line' coverage: 2458
  New 'line' coverage: 2459
  New 'line' coverage: 2462
  New 'line' coverage: 2463
  New 'line' coverage: 2466
  New 'line' coverage: 2467
  New 'line' coverage: 2468
  New 'line' coverage: 2469
  New 'line' coverage: 2470
  New 'line' coverage: 2474
  New 'line' coverage: 2475
  New 'line' coverage: 2477
  New 'line' coverage: 2481
  New 'line' coverage: 2482
  New 'line' coverage: 2483
  New 'line' coverage: 2487
  New 'line' coverage: 2488
  New 'line' coverage: 2490
  New 'line' coverage: 2491
  New 'line' coverage: 2493
  New 'line' coverage: 2499
  New 'line' coverage: 255
  New 'line' coverage: 2561
  New 'line' coverage: 2563
  New 'line' coverage: 2564
  New 'line' coverage: 2566
  New 'line' coverage: 2568
  New 'line' coverage: 2572
  New 'line' coverage: 258
  New 'line' coverage: 2583
  New 'line' coverage: 2587
  New 'line' coverage: 2590
  New 'line' coverage: 2592
  New 'line' coverage: 2602
  New 'line' coverage: 2603
  New 'line' coverage: 2605
  New 'line' coverage: 261
  New 'line' coverage: 2611
  New 'line' coverage: 2615
  New 'line' coverage: 2616
  New 'line' coverage: 2619
  New 'line' coverage: 2621
  New 'line' coverage: 2622
  New 'line' coverage: 2624
  New 'line' coverage: 2629
  New 'line' coverage: 2630
  New 'line' coverage: 2637
  New 'line' coverage: 264
  New 'line' coverage: 2640
  New 'line' coverage: 2641
  New 'line' coverage: 2644
  New 'line' coverage: 2649
  New 'line' coverage: 265
  New 'line' coverage: 2652
  New 'line' coverage: 2653
  New 'line' coverage: 2655
  New 'line' coverage: 2662
  New 'line' coverage: 2669
  New 'line' coverage: 267
  New 'line' coverage: 2672
  New 'line' coverage: 2674
  New 'line' coverage: 2676
  New 'line' coverage: 2679
  New 'line' coverage: 269
  New 'line' coverage: 272
  New 'line' coverage: 273
  New 'line' coverage: 280
  New 'line' coverage: 2950
  New 'line' coverage: 2960
  New 'line' coverage: 2963
  New 'line' coverage: 2967
  New 'line' coverage: 2970
  New 'line' coverage: 2988
  New 'line' coverage: 2990
  New 'line' coverage: 2996
  New 'line' coverage: 3007
  New 'line' coverage: 3009
  New 'line' coverage: 3013
  New 'line' coverage: 3014
  New 'line' coverage: 3020
  New 'line' coverage: 3023
  New 'line' coverage: 3027
  New 'line' coverage: 3030
  New 'line' coverage: 3034
  New 'line' coverage: 3037
  New 'line' coverage: 3039
  New 'line' coverage: 304
  New 'line' coverage: 3040
  New 'line' coverage: 3042
  New 'line' coverage: 3047
  New 'line' coverage: 3049
  New 'line' coverage: 3059
  New 'line' coverage: 306
  New 'line' coverage: 3062
  New 'line' coverage: 3063
  New 'line' coverage: 3067
  New 'line' coverage: 3068
  New 'line' coverage: 3069
  New 'line' coverage: 307
  New 'line' coverage: 3071
  New 'line' coverage: 3072
  New 'line' coverage: 3074
  New 'line' coverage: 308
  New 'line' coverage: 3081
  New 'line' coverage: 3082
  New 'line' coverage: 3083
  New 'line' coverage: 3085
  New 'line' coverage: 3086
  New 'line' coverage: 3089
  New 'line' coverage: 3093
  New 'line' coverage: 3094
  New 'line' coverage: 3097
  New 'line' coverage: 312
  New 'line' coverage: 313
  New 'line' coverage: 314
  New 'line' coverage: 3148
  New 'line' coverage: 3152
  New 'line' coverage: 3159
  New 'line' coverage: 3160
  New 'line' coverage: 3169
  New 'line' coverage: 317
  New 'line' coverage: 3174
  New 'line' coverage: 3176
  New 'line' coverage: 3180
  New 'line' coverage: 3181
  New 'line' coverage: 3186
  New 'line' coverage: 3187
  New 'line' coverage: 3189
  New 'line' coverage: 3193
  New 'line' coverage: 3197
  New 'line' coverage: 3198
  New 'line' coverage: 320
  New 'line' coverage: 3202
  New 'line' coverage: 3205
  New 'line' coverage: 3208
  New 'line' coverage: 321
  New 'line' coverage: 322
  New 'line' coverage: 325
  New 'line' coverage: 326
  New 'line' coverage: 3269
  New 'line' coverage: 327
  New 'line' coverage: 3271
  New 'line' coverage: 3275
  New 'line' coverage: 3279
  New 'line' coverage: 3280
  New 'line' coverage: 3284
  New 'line' coverage: 3287
  New 'line' coverage: 329
  New 'line' coverage: 3307
  New 'line' coverage: 331
  New 'line' coverage: 3310
  New 'line' coverage: 3314
  New 'line' coverage: 3318
  New 'line' coverage: 3319
  New 'line' coverage: 3323
  New 'line' coverage: 3325
  New 'line' coverage: 3328
  New 'line' coverage: 3329
  New 'line' coverage: 3334
  New 'line' coverage: 3336
  New 'line' coverage: 3337
  New 'line' coverage: 3342
  New 'line' coverage: 3343
  New 'line' coverage: 3345
  New 'line' coverage: 3348
  New 'line' coverage: 3354
  New 'line' coverage: 3357
  New 'line' coverage: 336
  New 'line' coverage: 3361
  New 'line' coverage: 3365
  New 'line' coverage: 3366
  New 'line' coverage: 3370
  New 'line' coverage: 3372
  New 'line' coverage: 3376
  New 'line' coverage: 3377
  New 'line' coverage: 339
  New 'line' coverage: 340
  New 'line' coverage: 3401
  New 'line' coverage: 3403
  New 'line' coverage: 3404
  New 'line' coverage: 3417
  New 'line' coverage: 3418
  New 'line' coverage: 342
  New 'line' coverage: 3423
  New 'line' coverage: 3434
  New 'line' coverage: 3441
  New 'line' coverage: 3448
  New 'line' coverage: 3449
  New 'line' coverage: 3453
  New 'line' coverage: 3458
  New 'line' coverage: 3459
  New 'line' coverage: 3461
  New 'line' coverage: 3467
  New 'line' coverage: 3468
  New 'line' coverage: 3470
  New 'line' coverage: 3471
  New 'line' coverage: 3474
  New 'line' coverage: 3475
  New 'line' coverage: 3478
  New 'line' coverage: 3486
  New 'line' coverage: 3487
  New 'line' coverage: 3493
  New 'line' coverage: 3495
  New 'line' coverage: 3496
  New 'line' coverage: 3499
  New 'line' coverage: 3503
  New 'line' coverage: 3510
  New 'line' coverage: 3546
  New 'line' coverage: 3547
  New 'line' coverage: 3550
  New 'line' coverage: 3554
  New 'line' coverage: 3561
  New 'line' coverage: 3565
  New 'line' coverage: 3567
  New 'line' coverage: 3575
  New 'line' coverage: 3577
  New 'line' coverage: 3583
  New 'line' coverage: 3585
  New 'line' coverage: 3593
  New 'line' coverage: 3597
  New 'line' coverage: 361
  New 'line' coverage: 362
  New 'line' coverage: 3633
  New 'line' coverage: 3635
  New 'line' coverage: 3637
  New 'line' coverage: 3638
  New 'line' coverage: 364
  New 'line' coverage: 3642
  New 'line' coverage: 3643
  New 'line' coverage: 3644
  New 'line' coverage: 3645
  New 'line' coverage: 366
  New 'line' coverage: 3662
  New 'line' coverage: 3669
  New 'line' coverage: 368
  New 'line' coverage: 3680
  New 'line' coverage: 3681
  New 'line' coverage: 3682
  New 'line' coverage: 3685
  New 'line' coverage: 3689
  New 'line' coverage: 369
  New 'line' coverage: 3690
  New 'line' coverage: 3692
  New 'line' coverage: 3697
  New 'line' coverage: 3699
  New 'line' coverage: 371
  New 'line' coverage: 372
  New 'line' coverage: 375
  New 'line' coverage: 379
  New 'line' coverage: 3794
  New 'line' coverage: 3797
  New 'line' coverage: 3805
  New 'line' coverage: 3807
  New 'line' coverage: 3809
  New 'line' coverage: 3814
  New 'line' coverage: 3819
  New 'line' coverage: 3820
  New 'line' coverage: 3821
  New 'line' coverage: 3839
  New 'line' coverage: 3840
  New 'line' coverage: 3844
  New 'line' coverage: 3845
  New 'line' coverage: 3846
  New 'line' coverage: 3847
  New 'line' coverage: 3850
  New 'line' coverage: 3851
  New 'line' coverage: 3858
  New 'line' coverage: 3860
  New 'line' coverage: 3861
  New 'line' coverage: 3862
  New 'line' coverage: 3864
  New 'line' coverage: 3865
  New 'line' coverage: 3877
  New 'line' coverage: 3892
  New 'line' coverage: 3896
  New 'line' coverage: 3897
  New 'line' coverage: 3898
  New 'line' coverage: 3899
  New 'line' coverage: 390
  New 'line' coverage: 3906
  New 'line' coverage: 3907
  New 'line' coverage: 3910
  New 'line' coverage: 3922
  New 'line' coverage: 3923
  New 'line' coverage: 3928
  New 'line' coverage: 393
  New 'line' coverage: 3930
  New 'line' coverage: 3931
  New 'line' coverage: 3933
  New 'line' coverage: 394
  New 'line' coverage: 3950
  New 'line' coverage: 3951
  New 'line' coverage: 3954
  New 'line' coverage: 3958
  New 'line' coverage: 396
  New 'line' coverage: 3962
  New 'line' coverage: 3964
  New 'line' coverage: 3965
  New 'line' coverage: 3969
  New 'line' coverage: 397
  New 'line' coverage: 3970
  New 'line' coverage: 3972
  New 'line' coverage: 3973
  New 'line' coverage: 3977
  New 'line' coverage: 3983
  New 'line' coverage: 399
  New 'line' coverage: 3993
  New 'line' coverage: 3996
  New 'line' coverage: 400
  New 'line' coverage: 4000
  New 'line' coverage: 4002
  New 'line' coverage: 4003
  New 'line' coverage: 4004
  New 'line' coverage: 4005
  New 'line' coverage: 4006
  New 'line' coverage: 401
  New 'line' coverage: 4010
  New 'line' coverage: 4014
  New 'line' coverage: 4017
  New 'line' coverage: 4018
  New 'line' coverage: 4022
  New 'line' coverage: 4028
  New 'line' coverage: 403
  New 'line' coverage: 4030
  New 'line' coverage: 4036
  New 'line' coverage: 4037
  New 'line' coverage: 404
  New 'line' coverage: 4040
  New 'line' coverage: 4041
  New 'line' coverage: 4042
  New 'line' coverage: 4043
  New 'line' coverage: 4046
  New 'line' coverage: 4048
  New 'line' coverage: 4052
  New 'line' coverage: 4056
  New 'line' coverage: 4058
  New 'line' coverage: 4059
  New 'line' coverage: 4061
  New 'line' coverage: 4066
  New 'line' coverage: 407
  New 'line' coverage: 4070
  New 'line' coverage: 4071
  New 'line' coverage: 4076
  New 'line' coverage: 413
  New 'line' coverage: 4131
  New 'line' coverage: 4134
  New 'line' coverage: 4138
  New 'line' coverage: 4139
  New 'line' coverage: 414
  New 'line' coverage: 4140
  New 'line' coverage: 4141
  New 'line' coverage: 4142
  New 'line' coverage: 4143
  New 'line' coverage: 4144
  New 'line' coverage: 424
  New 'line' coverage: 429
  New 'line' coverage: 430
  New 'line' coverage: 432
  New 'line' coverage: 433
  New 'line' coverage: 435
  New 'line' coverage: 437
  New 'line' coverage: 440
  New 'line' coverage: 444
  New 'line' coverage: 446
  New 'line' coverage: 447
  New 'line' coverage: 449
  New 'line' coverage: 450
  New 'line' coverage: 452
  New 'line' coverage: 461
  New 'line' coverage: 464
  New 'line' coverage: 471
  New 'line' coverage: 474
  New 'line' coverage: 481
  New 'line' coverage: 484
  New 'line' coverage: 491
  New 'line' coverage: 494
  New 'line' coverage: 495
  New 'line' coverage: 522
  New 'line' coverage: 526
  New 'line' coverage: 527
  New 'line' coverage: 528
  New 'line' coverage: 56
  New 'line' coverage: 564
  New 'line' coverage: 566
  New 'line' coverage: 571
  New 'line' coverage: 572
  New 'line' coverage: 575
  New 'line' coverage: 576
  New 'line' coverage: 579
  New 'line' coverage: 580
  New 'line' coverage: 583
  New 'line' coverage: 584
  New 'line' coverage: 587
  New 'line' coverage: 588
  New 'line' coverage: 59
  New 'line' coverage: 591
  New 'line' coverage: 592
  New 'line' coverage: 62
  New 'line' coverage: 63
  New 'line' coverage: 634
  New 'line' coverage: 64
  New 'line' coverage: 640
  New 'line' coverage: 644
  New 'line' coverage: 647
  New 'line' coverage: 648
  New 'line' coverage: 65
  New 'line' coverage: 652
  New 'line' coverage: 654
  New 'line' coverage: 656
  New 'line' coverage: 660
  New 'line' coverage: 664
  New 'line' coverage: 669
  New 'line' coverage: 67
  New 'line' coverage: 673
  New 'line' coverage: 675
  New 'line' coverage: 676
  New 'line' coverage: 681
  New 'line' coverage: 704
  New 'line' coverage: 705
  New 'line' coverage: 706
  New 'line' coverage: 708
  New 'line' coverage: 710
  New 'line' coverage: 711
  New 'line' coverage: 715
  New 'line' coverage: 72
  New 'line' coverage: 721
  New 'line' coverage: 724
  New 'line' coverage: 725
  New 'line' coverage: 726
  New 'line' coverage: 729
  New 'line' coverage: 73
  New 'line' coverage: 730
  New 'line' coverage: 732
  New 'line' coverage: 733
  New 'line' coverage: 734
  New 'line' coverage: 736
  New 'line' coverage: 80
  New 'line' coverage: 816
  New 'line' coverage: 82
  New 'line' coverage: 820
  New 'line' coverage: 821
  New 'line' coverage: 822
  New 'line' coverage: 823
  New 'line' coverage: 826
  New 'line' coverage: 83
  New 'line' coverage: 830
  New 'line' coverage: 832
  New 'line' coverage: 834
  New 'line' coverage: 837
  New 'line' coverage: 84
  New 'line' coverage: 945
  New 'line' coverage: 953
  New 'line' coverage: 956
  New 'line' coverage: 957
  New 'line' coverage: 960
  New 'line' coverage: 962
  New 'line' coverage: 963
  New 'line' coverage: 966
  New 'line' coverage: 967
  New 'line' coverage: 970
  New 'line' coverage: 971
  New 'line' coverage: 972
  New 'line' coverage: 975
  New 'line' coverage: 976
  New 'line' coverage: 978
  New 'line' coverage: 979
  New 'line' coverage: 993
  New 'line' coverage: 998
  New 'line' coverage: 999
New src file: /home/rahbar/tinydtls-fuzz-cov/sha2/sha2.c
  New 'function' coverage: dtls_sha256_final()
  New 'function' coverage: dtls_sha256_init()
  New 'function' coverage: dtls_sha256_transform()
  New 'function' coverage: dtls_sha256_update()
  New 'line' coverage: 369
  New 'line' coverage: 370
  New 'line' coverage: 373
  New 'line' coverage: 374
  New 'line' coverage: 375
  New 'line' coverage: 473
  New 'line' coverage: 478
  New 'line' coverage: 481
  New 'line' coverage: 482
  New 'line' coverage: 483
  New 'line' coverage: 484
  New 'line' coverage: 485
  New 'line' coverage: 486
  New 'line' coverage: 487
  New 'line' coverage: 488
  New 'line' coverage: 490
  New 'line' coverage: 494
  New 'line' coverage: 496
  New 'line' coverage: 501
  New 'line' coverage: 502
  New 'line' coverage: 503
  New 'line' coverage: 504
  New 'line' coverage: 505
  New 'line' coverage: 506
  New 'line' coverage: 507
  New 'line' coverage: 508
  New 'line' coverage: 509
  New 'line' coverage: 511
  New 'line' coverage: 512
  New 'line' coverage: 516
  New 'line' coverage: 517
  New 'line' coverage: 518
  New 'line' coverage: 519
  New 'line' coverage: 522
  New 'line' coverage: 523
  New 'line' coverage: 524
  New 'line' coverage: 525
  New 'line' coverage: 526
  New 'line' coverage: 527
  New 'line' coverage: 528
  New 'line' coverage: 529
  New 'line' coverage: 530
  New 'line' coverage: 531
  New 'line' coverage: 532
  New 'line' coverage: 534
  New 'line' coverage: 535
  New 'line' coverage: 538
  New 'line' coverage: 539
  New 'line' coverage: 540
  New 'line' coverage: 541
  New 'line' coverage: 542
  New 'line' coverage: 543
  New 'line' coverage: 544
  New 'line' coverage: 545
  New 'line' coverage: 548
  New 'line' coverage: 549
  New 'line' coverage: 553
  New 'line' coverage: 556
  New 'line' coverage: 562
  New 'line' coverage: 564
  New 'line' coverage: 565
  New 'line' coverage: 567
  New 'line' coverage: 569
  New 'line' coverage: 571
  New 'line' coverage: 572
  New 'line' coverage: 573
  New 'line' coverage: 574
  New 'line' coverage: 575
  New 'line' coverage: 578
  New 'line' coverage: 579
  New 'line' coverage: 581
  New 'line' coverage: 582
  New 'line' coverage: 585
  New 'line' coverage: 587
  New 'line' coverage: 588
  New 'line' coverage: 589
  New 'line' coverage: 590
  New 'line' coverage: 592
  New 'line' coverage: 594
  New 'line' coverage: 595
  New 'line' coverage: 598
  New 'line' coverage: 601
  New 'line' coverage: 602
  New 'line' coverage: 606
  New 'line' coverage: 609
  New 'line' coverage: 610
  New 'line' coverage: 613
  New 'line' coverage: 615
  New 'line' coverage: 617
  New 'line' coverage: 619
  New 'line' coverage: 621
  New 'line' coverage: 623
  New 'line' coverage: 624
  New 'line' coverage: 627
  New 'line' coverage: 630
  New 'line' coverage: 640
  New 'line' coverage: 643
  New 'line' coverage: 649
  New 'line' coverage: 650
  New 'line' coverage: 651
  New 'line' coverage: 660
  New 'line' coverage: 661
  New 'line' coverage: 662
New src file: /home/rahbar/tinydtls-fuzz-cov/dtls.h
  New 'function' coverage: dtls_set_handler()
  New 'line' coverage: 247
  New 'line' coverage: 250
  New 'line' coverage: 251
New src file: /home/rahbar/tinydtls-fuzz-cov/dtls-ccm.c
  New 'function' coverage: add_auth_data()
  New 'function' coverage: block0()
  New 'function' coverage: dtls_ccm_decrypt_message()
  New 'function' coverage: dtls_ccm_encrypt_message()
  New 'function' coverage: encrypt()
  New 'function' coverage: mac()
  New 'line' coverage: 100
  New 'line' coverage: 101
  New 'line' coverage: 102
  New 'line' coverage: 103
  New 'line' coverage: 105
  New 'line' coverage: 107
  New 'line' coverage: 109
  New 'line' coverage: 117
  New 'line' coverage: 127
  New 'line' coverage: 134
  New 'line' coverage: 135
  New 'line' coverage: 136
  New 'line' coverage: 137
  New 'line' coverage: 140
  New 'line' coverage: 146
  New 'line' coverage: 147
  New 'line' coverage: 149
  New 'line' coverage: 151
  New 'line' coverage: 154
  New 'line' coverage: 160
  New 'line' coverage: 167
  New 'line' coverage: 169
  New 'line' coverage: 170
  New 'line' coverage: 173
  New 'line' coverage: 176
  New 'line' coverage: 178
  New 'line' coverage: 180
  New 'line' coverage: 183
  New 'line' coverage: 186
  New 'line' coverage: 187
  New 'line' coverage: 188
  New 'line' coverage: 191
  New 'line' coverage: 197
  New 'line' coverage: 198
  New 'line' coverage: 201
  New 'line' coverage: 204
  New 'line' coverage: 208
  New 'line' coverage: 209
  New 'line' coverage: 211
  New 'line' coverage: 212
  New 'line' coverage: 214
  New 'line' coverage: 218
  New 'line' coverage: 225
  New 'line' coverage: 232
  New 'line' coverage: 235
  New 'line' coverage: 236
  New 'line' coverage: 239
  New 'line' coverage: 240
  New 'line' coverage: 243
  New 'line' coverage: 246
  New 'line' coverage: 248
  New 'line' coverage: 250
  New 'line' coverage: 253
  New 'line' coverage: 256
  New 'line' coverage: 257
  New 'line' coverage: 258
  New 'line' coverage: 261
  New 'line' coverage: 263
  New 'line' coverage: 270
  New 'line' coverage: 271
  New 'line' coverage: 274
  New 'line' coverage: 278
  New 'line' coverage: 279
  New 'line' coverage: 281
  New 'line' coverage: 284
  New 'line' coverage: 285
  New 'line' coverage: 288
  New 'line' coverage: 41
  New 'line' coverage: 49
  New 'line' coverage: 52
  New 'line' coverage: 54
  New 'line' coverage: 55
  New 'line' coverage: 56
  New 'line' coverage: 58
  New 'line' coverage: 75
  New 'line' coverage: 80
  New 'line' coverage: 82
  New 'line' coverage: 84
  New 'line' coverage: 87
  New 'line' coverage: 88
  New 'line' coverage: 89
New src file: /home/rahbar/tinydtls-fuzz-cov/posix/dtls-support.c
  New 'function' coverage: dtls_cipher_context_acquire()
  New 'function' coverage: dtls_cipher_context_release()
  New 'function' coverage: dtls_context_acquire()
  New 'function' coverage: dtls_context_release()
  New 'function' coverage: dtls_fill_random()
  New 'function' coverage: dtls_session_equals()
  New 'function' coverage: dtls_session_get_address()
  New 'function' coverage: dtls_session_get_address_size()
  New 'function' coverage: dtls_set_retransmit_timer()
  New 'function' coverage: dtls_support_init()
  New 'function' coverage: dtls_support_log_prefix()
  New 'function' coverage: dtls_ticks()
  New 'function' coverage: memb_alloc()
  New 'function' coverage: memb_free()
  New 'function' coverage: memb_init()
  New 'line' coverage: 104
  New 'line' coverage: 107
  New 'line' coverage: 108
  New 'line' coverage: 109
  New 'line' coverage: 110
  New 'line' coverage: 113
  New 'line' coverage: 115
  New 'line' coverage: 117
  New 'line' coverage: 122
  New 'line' coverage: 128
  New 'line' coverage: 131
  New 'line' coverage: 132
  New 'line' coverage: 135
  New 'line' coverage: 139
  New 'line' coverage: 142
  New 'line' coverage: 153
  New 'line' coverage: 154
  New 'line' coverage: 156
  New 'line' coverage: 157
  New 'line' coverage: 158
  New 'line' coverage: 163
  New 'line' coverage: 164
  New 'line' coverage: 166
  New 'line' coverage: 167
  New 'line' coverage: 180
  New 'line' coverage: 183
  New 'line' coverage: 187
  New 'line' coverage: 190
  New 'line' coverage: 263
  New 'line' coverage: 266
  New 'line' coverage: 275
  New 'line' coverage: 34
  New 'line' coverage: 38
  New 'line' coverage: 41
  New 'line' coverage: 42
  New 'line' coverage: 43
  New 'line' coverage: 44
  New 'line' coverage: 45
  New 'line' coverage: 50
  New 'line' coverage: 53
  New 'line' coverage: 55
  New 'line' coverage: 56
  New 'line' coverage: 60
  New 'line' coverage: 63
  New 'line' coverage: 64
  New 'line' coverage: 68
  New 'line' coverage: 70
  New 'line' coverage: 74
  New 'line' coverage: 76
  New 'line' coverage: 80
  New 'line' coverage: 82
  New 'line' coverage: 83
  New 'line' coverage: 88
  New 'line' coverage: 90
  New 'line' coverage: 94
  New 'line' coverage: 96
  New 'line' coverage: 97
New src file: /home/rahbar/tinydtls-fuzz-cov/tests/dtls-fuzz.c
  New 'function' coverage: check_handshake_dir()
  New 'function' coverage: check_packet_file()
  New 'function' coverage: dtls_handle_read()
  New 'function' coverage: fuzz_file()
  New 'function' coverage: get_psk_info()
  New 'function' coverage: main()
  New 'function' coverage: populate_sockaddr()
  New 'function' coverage: send_to_peer()
  New 'line' coverage: 155
  New 'line' coverage: 158
  New 'line' coverage: 172
  New 'line' coverage: 173
  New 'line' coverage: 177
  New 'line' coverage: 178
  New 'line' coverage: 179
  New 'line' coverage: 180
  New 'line' coverage: 181
  New 'line' coverage: 206
  New 'line' coverage: 211
  New 'line' coverage: 213
  New 'line' coverage: 215
  New 'line' coverage: 216
  New 'line' coverage: 217
  New 'line' coverage: 219
  New 'line' coverage: 227
  New 'line' coverage: 248
  New 'line' coverage: 250
  New 'line' coverage: 256
  New 'line' coverage: 258
  New 'line' coverage: 260
  New 'line' coverage: 264
  New 'line' coverage: 267
  New 'line' coverage: 268
  New 'line' coverage: 269
  New 'line' coverage: 272
  New 'line' coverage: 273
  New 'line' coverage: 276
  New 'line' coverage: 278
  New 'line' coverage: 280
  New 'line' coverage: 287
  New 'line' coverage: 288
  New 'line' coverage: 289
  New 'line' coverage: 292
  New 'line' coverage: 294
  New 'line' coverage: 295
  New 'line' coverage: 297
  New 'line' coverage: 298
  New 'line' coverage: 299
  New 'line' coverage: 300
  New 'line' coverage: 320
  New 'line' coverage: 321
  New 'line' coverage: 322
  New 'line' coverage: 324
  New 'line' coverage: 325
  New 'line' coverage: 330
  New 'line' coverage: 331
  New 'line' coverage: 332
  New 'line' coverage: 334
  New 'line' coverage: 336
  New 'line' coverage: 337
  New 'line' coverage: 339
  New 'line' coverage: 340
  New 'line' coverage: 341
  New 'line' coverage: 342
  New 'line' coverage: 344
  New 'line' coverage: 348
  New 'line' coverage: 350
  New 'line' coverage: 351
  New 'line' coverage: 363
  New 'line' coverage: 365
  New 'line' coverage: 368
  New 'line' coverage: 371
  New 'line' coverage: 381
  New 'line' coverage: 382
  New 'line' coverage: 386
  New 'line' coverage: 387
  New 'line' coverage: 388
  New 'line' coverage: 392
  New 'line' coverage: 393
  New 'line' coverage: 396
  New 'line' coverage: 398
  New 'line' coverage: 408
  New 'line' coverage: 430
  New 'line' coverage: 431
  New 'line' coverage: 432
  New 'line' coverage: 435
  New 'line' coverage: 436
  New 'line' coverage: 437
  New 'line' coverage: 438
  New 'line' coverage: 439
  New 'line' coverage: 440
  New 'line' coverage: 446
  New 'line' coverage: 448
  New 'line' coverage: 449
  New 'line' coverage: 453
  New 'line' coverage: 68
  New 'line' coverage: 72
  New 'line' coverage: 73
  New 'line' coverage: 75
  New 'line' coverage: 76
  New 'line' coverage: 78
  New 'line' coverage: 79
  New 'line' coverage: 80
  New 'line' coverage: 81
  New 'line' coverage: 82



++++++ BEGIN - first exec output for CMD: ./dtls-fuzz //home/rahbar/plot/cov/afl/s8/1//queue/id:000000,orig:8 psk 0
    2020-11-17 23:43:08.843 [dtls] WARN - expected ChangeCipherSpec during handshake
++++++ END

[+] AFL test case: id:000001,src:000000,op:flip1,pos:0,+cov (1 / 158), cycle: 0
    lines......: 41.9% (1523 of 3635 lines)
    functions..: 58.8% (151 of 257 functions)
    branches...: 32.0% (519 of 1621 branches)
[+] AFL test case: id:000002,src:000000,op:flip1,pos:0,+cov (2 / 158), cycle: 0
    lines......: 42.4% (1542 of 3635 lines)
    functions..: 59.9% (154 of 257 functions)
    branches...: 32.4% (526 of 1621 branches)

    Coverage diff id:000001,src:000000,op:flip1,pos:0,+cov id:000002,src:000000,op:flip1,pos:0,+cov
diff id:000001,src:000000,op:flip1,pos:0,+cov -> id:000002,src:000000,op:flip1,pos:0,+cov
Src file: /home/rahbar/tinydtls-fuzz-cov/dtls-alert.h
  New 'function' coverage: dtls_alert_create()
  New 'function' coverage: dtls_alert_fatal_create()
  New 'line' coverage: 62
  New 'line' coverage: 64
  New 'line' coverage: 68
  New 'line' coverage: 70
Src file: /home/rahbar/tinydtls-fuzz-cov/dtls.c
  New 'function' coverage: dtls_alert_send_from_err()
  New 'line' coverage: 3562
  New 'line' coverage: 3563
  New 'line' coverage: 3762
  New 'line' coverage: 3768
  New 'line' coverage: 3769
  New 'line' coverage: 3770
  New 'line' coverage: 3771
  New 'line' coverage: 3772
  New 'line' coverage: 3774
  New 'line' coverage: 3787
  New 'line' coverage: 3924
  New 'line' coverage: 3925
  New 'line' coverage: 3926
Src file: /home/rahbar/tinydtls-fuzz-cov/tests/dtls-fuzz.c
  New 'line' coverage: 372
  New 'line' coverage: 376

[+] AFL test case: id:000003,src:000000,op:flip1,pos:0,+cov (3 / 158), cycle: 0
    lines......: 42.7% (1553 of 3635 lines)
    functions..: 60.3% (155 of 257 functions)
    branches...: 32.7% (530 of 1621 branches)

    Coverage diff id:000002,src:000000,op:flip1,pos:0,+cov id:000003,src:000000,op:flip1,pos:0,+cov
diff id:000002,src:000000,op:flip1,pos:0,+cov -> id:000003,src:000000,op:flip1,pos:0,+cov
Src file: /home/rahbar/tinydtls-fuzz-cov/dtls.c
  New 'function' coverage: handle_alert()
  New 'line' coverage: 3707
  New 'line' coverage: 3709
  New 'line' coverage: 3711
  New 'line' coverage: 3712
  New 'line' coverage: 3879
  New 'line' coverage: 3880
  New 'line' coverage: 3883
  New 'line' coverage: 3884
  New 'line' coverage: 3885
  New 'line' coverage: 3887
  New 'line' coverage: 3888

[+] AFL test case: id:000004,src:000000,op:flip1,pos:1,+cov (4 / 158), cycle: 0
    lines......: 42.7% (1553 of 3635 lines)
    functions..: 60.3% (155 of 257 functions)
    branches...: 32.8% (531 of 1621 branches)
[+] AFL test case: id:000005,src:000000,op:flip1,pos:2,+cov (5 / 158), cycle: 0
    lines......: 42.7% (1553 of 3635 lines)
    functions..: 60.3% (155 of 257 functions)
    branches...: 32.8% (532 of 1621 branches)
[+] AFL test case: id:000006,src:000000,op:flip1,pos:3,+cov (6 / 158), cycle: 0
    lines......: 42.7% (1553 of 3635 lines)
    functions..: 60.3% (155 of 257 functions)
    branches...: 32.8% (532 of 1621 branches)
[+] AFL test case: id:000007,src:000000,op:flip1,pos:4,+cov (7 / 158), cycle: 0
    lines......: 42.7% (1553 of 3635 lines)
    functions..: 60.3% (155 of 257 functions)
    branches...: 32.8% (532 of 1621 branches)
[+] AFL test case: id:000008,src:000000,op:flip1,pos:11,+cov (8 / 158), cycle: 0
    lines......: 42.8% (1554 of 3635 lines)
    functions..: 60.3% (155 of 257 functions)
    branches...: 32.9% (533 of 1621 branches)

    Coverage diff id:000007,src:000000,op:flip1,pos:4,+cov id:000008,src:000000,op:flip1,pos:11,+cov
diff id:000007,src:000000,op:flip1,pos:4,+cov -> id:000008,src:000000,op:flip1,pos:11,+cov
Src file: /home/rahbar/tinydtls-fuzz-cov/dtls.c
  New 'line' coverage: 376

[+] AFL test case: id:000009,src:000000,op:flip1,pos:12,+cov (9 / 158), cycle: 0
    lines......: 42.8% (1554 of 3635 lines)
    functions..: 60.3% (155 of 257 functions)
    branches...: 32.9% (533 of 1621 branches)
[+] AFL test case: id:000010,src:000000,op:flip1,pos:13,+cov (10 / 158), cycle: 0
    lines......: 42.8% (1554 of 3635 lines)
    functions..: 60.3% (155 of 257 functions)
    branches...: 32.9% (533 of 1621 branches)
[+] AFL test case: id:000011,src:000000,op:flip2,pos:0,+cov (11 / 158), cycle: 0
    lines......: 42.9% (1559 of 3635 lines)
    functions..: 60.3% (155 of 257 functions)
    branches...: 33.0% (535 of 1621 branches)

    Coverage diff id:000010,src:000000,op:flip1,pos:13,+cov id:000011,src:000000,op:flip2,pos:0,+cov
diff id:000010,src:000000,op:flip1,pos:13,+cov -> id:000011,src:000000,op:flip2,pos:0,+cov
Src file: /home/rahbar/tinydtls-fuzz-cov/dtls.c
  New 'line' coverage: 3935
  New 'line' coverage: 3936
  New 'line' coverage: 3937
  New 'line' coverage: 3938
  New 'line' coverage: 3940

[+] AFL test case: id:000012,src:000000,op:arith8,pos:0,val:-20,+cov (12 / 158), cycle: 0
    lines......: 42.9% (1561 of 3635 lines)
    functions..: 60.3% (155 of 257 functions)
    branches...: 33.1% (536 of 1621 branches)

    Coverage diff id:000011,src:000000,op:flip2,pos:0,+cov id:000012,src:000000,op:arith8,pos:0,val:-20,+cov
diff id:000011,src:000000,op:flip2,pos:0,+cov -> id:000012,src:000000,op:arith8,pos:0,val:-20,+cov
Src file: /home/rahbar/tinydtls-fuzz-cov/dtls.c
  New 'line' coverage: 3945
  New 'line' coverage: 3946

[+] AFL test case: id:000013,src:000000,op:arith8,pos:6,val:-8,+cov (13 / 158), cycle: 0
    lines......: 42.9% (1561 of 3635 lines)
    functions..: 60.3% (155 of 257 functions)
    branches...: 33.1% (536 of 1621 branches)
[+] AFL test case: id:000014,src:000000,op:havoc,rep:16,+cov (14 / 158), cycle: 0
    lines......: 42.9% (1561 of 3635 lines)
    functions..: 60.3% (155 of 257 functions)
    branches...: 33.1% (536 of 1621 branches)
[+] AFL test case: id:000015,src:000002,op:havoc,rep:4,+cov (15 / 158), cycle: 0
    lines......: 42.9% (1561 of 3635 lines)
    functions..: 60.3% (155 of 257 functions)
    branches...: 33.1% (536 of 1621 branches)
[+] AFL test case: id:000016,src:000003,op:int16,pos:12,val:be:+64 (16 / 158), cycle: 0
    lines......: 42.9% (1561 of 3635 lines)
    functions..: 60.3% (155 of 257 functions)
    branches...: 33.1% (536 of 1621 branches)
[+] AFL test case: id:000017,src:000009,op:flip2,pos:0,+cov (17 / 158), cycle: 0
    lines......: 42.9% (1561 of 3635 lines)
    functions..: 60.3% (155 of 257 functions)
    branches...: 33.1% (536 of 1621 branches)
[+] AFL test case: id:000018,src:000011,op:havoc,rep:8,+cov (18 / 158), cycle: 0
    lines......: 42.9% (1561 of 3635 lines)
    functions..: 60.3% (155 of 257 functions)
    branches...: 33.1% (536 of 1621 branches)
[+] AFL test case: id:000019,src:000012,op:havoc,rep:2,+cov (19 / 158), cycle: 0
    lines......: 42.9% (1561 of 3635 lines)
    functions..: 60.3% (155 of 257 functions)
    branches...: 33.1% (536 of 1621 branches)
[+] AFL test case: id:000020,src:000017,op:havoc,rep:2,+cov (20 / 158), cycle: 0
    lines......: 42.9% (1561 of 3635 lines)
    functions..: 60.3% (155 of 257 functions)
    branches...: 33.1% (536 of 1621 branches)
[+] AFL test case: id:000021,src:000018,op:flip1,pos:12,+cov (21 / 158), cycle: 0
    lines......: 42.9% (1561 of 3635 lines)
    functions..: 60.3% (155 of 257 functions)
    branches...: 33.1% (536 of 1621 branches)
[+] AFL test case: id:000022,src:000018,op:flip1,pos:12,+cov (22 / 158), cycle: 0
    lines......: 42.9% (1561 of 3635 lines)
    functions..: 60.3% (155 of 257 functions)
    branches...: 33.1% (536 of 1621 branches)
[+] AFL test case: id:000023,src:000018,op:flip2,pos:12,+cov (23 / 158), cycle: 0
    lines......: 42.9% (1561 of 3635 lines)
    functions..: 60.3% (155 of 257 functions)
    branches...: 33.1% (536 of 1621 branches)
[+] AFL test case: id:000024,src:000018,op:flip2,pos:12,+cov (24 / 158), cycle: 0
    lines......: 42.9% (1561 of 3635 lines)
    functions..: 60.3% (155 of 257 functions)
    branches...: 33.1% (536 of 1621 branches)
[+] AFL test case: id:000025,src:000018,op:flip2,pos:12,+cov (25 / 158), cycle: 0
    lines......: 42.9% (1561 of 3635 lines)
    functions..: 60.3% (155 of 257 functions)
    branches...: 33.1% (536 of 1621 branches)
[+] AFL test case: id:000026,src:000018,op:flip4,pos:12,+cov (26 / 158), cycle: 0
    lines......: 42.9% (1561 of 3635 lines)
    functions..: 60.3% (155 of 257 functions)
    branches...: 33.1% (536 of 1621 branches)
[+] AFL test case: id:000027,src:000018,op:arith8,pos:12,val:+3,+cov (27 / 158), cycle: 0
    lines......: 42.9% (1561 of 3635 lines)
    functions..: 60.3% (155 of 257 functions)
    branches...: 33.1% (536 of 1621 branches)
[+] AFL test case: id:000028,src:000018,op:arith8,pos:12,val:+7,+cov (28 / 158), cycle: 0
    lines......: 42.9% (1561 of 3635 lines)
    functions..: 60.3% (155 of 257 functions)
    branches...: 33.1% (536 of 1621 branches)
[+] AFL test case: id:000029,src:000018,op:havoc,rep:2,+cov (29 / 158), cycle: 0
    lines......: 42.9% (1561 of 3635 lines)
    functions..: 60.3% (155 of 257 functions)
    branches...: 33.1% (536 of 1621 branches)
[+] AFL test case: id:000030,src:000018,op:havoc,rep:2,+cov (30 / 158), cycle: 0
    lines......: 42.9% (1561 of 3635 lines)
    functions..: 60.3% (155 of 257 functions)
    branches...: 33.1% (536 of 1621 branches)
[+] AFL test case: id:000031,src:000018,op:havoc,rep:4 (31 / 158), cycle: 0
    lines......: 42.9% (1561 of 3635 lines)
    functions..: 60.3% (155 of 257 functions)
    branches...: 33.1% (536 of 1621 branches)
[+] AFL test case: id:000032,src:000018,op:havoc,rep:4 (32 / 158), cycle: 0
    lines......: 42.9% (1561 of 3635 lines)
    functions..: 60.3% (155 of 257 functions)
    branches...: 33.1% (536 of 1621 branches)
[+] AFL test case: id:000033,src:000018,op:havoc,rep:16 (33 / 158), cycle: 0
    lines......: 42.9% (1561 of 3635 lines)
    functions..: 60.3% (155 of 257 functions)
    branches...: 33.1% (536 of 1621 branches)
[+] AFL test case: id:000034,src:000018,op:havoc,rep:16,+cov (34 / 158), cycle: 0
    lines......: 42.9% (1561 of 3635 lines)
    functions..: 60.3% (155 of 257 functions)
    branches...: 33.1% (536 of 1621 branches)
[+] AFL test case: id:000035,src:000018,op:havoc,rep:4,+cov (35 / 158), cycle: 0
    lines......: 42.9% (1561 of 3635 lines)
    functions..: 60.3% (155 of 257 functions)
    branches...: 33.1% (536 of 1621 branches)
[+] AFL test case: id:000036,src:000018,op:havoc,rep:4,+cov (36 / 158), cycle: 0
    lines......: 42.9% (1561 of 3635 lines)
    functions..: 60.3% (155 of 257 functions)
    branches...: 33.1% (536 of 1621 branches)
[+] AFL test case: id:000037,src:000020,op:flip1,pos:0,+cov (37 / 158), cycle: 0
    lines......: 43.1% (1566 of 3635 lines)
    functions..: 60.3% (155 of 257 functions)
    branches...: 33.3% (540 of 1621 branches)

    Coverage diff id:000036,src:000018,op:havoc,rep:4,+cov id:000037,src:000020,op:flip1,pos:0,+cov
diff id:000036,src:000018,op:havoc,rep:4,+cov -> id:000037,src:000020,op:flip1,pos:0,+cov
Src file: /home/rahbar/tinydtls-fuzz-cov/dtls.c
  New 'line' coverage: 3714
  New 'line' coverage: 3716
  New 'line' coverage: 3717
  New 'line' coverage: 3718
  New 'line' coverage: 3890

[+] AFL test case: id:000038,src:000020,op:havoc,rep:4 (38 / 158), cycle: 0
    lines......: 43.1% (1566 of 3635 lines)
    functions..: 60.3% (155 of 257 functions)
    branches...: 33.3% (540 of 1621 branches)
[+] AFL test case: id:000039,src:000029,op:flip1,pos:0,+cov (39 / 158), cycle: 0
    lines......: 43.1% (1566 of 3635 lines)
    functions..: 60.3% (155 of 257 functions)
    branches...: 33.3% (540 of 1621 branches)
[+] AFL test case: id:000040,src:000033,op:flip1,pos:4,+cov (40 / 158), cycle: 0
    lines......: 43.1% (1566 of 3635 lines)
    functions..: 60.3% (155 of 257 functions)
    branches...: 33.3% (540 of 1621 branches)
[+] AFL test case: id:000041,src:000034,op:flip1,pos:12,+cov (41 / 158), cycle: 0
    lines......: 43.1% (1566 of 3635 lines)
    functions..: 60.3% (155 of 257 functions)
    branches...: 33.3% (540 of 1621 branches)
[+] AFL test case: id:000042,src:000034,op:flip1,pos:12,+cov (42 / 158), cycle: 0
    lines......: 43.1% (1566 of 3635 lines)
    functions..: 60.3% (155 of 257 functions)
    branches...: 33.3% (540 of 1621 branches)
[+] AFL test case: id:000043,src:000034,op:flip2,pos:12,+cov (43 / 158), cycle: 0
    lines......: 43.1% (1566 of 3635 lines)
    functions..: 60.3% (155 of 257 functions)
    branches...: 33.3% (540 of 1621 branches)
[+] AFL test case: id:000044,src:000034,op:flip2,pos:12,+cov (44 / 158), cycle: 0
    lines......: 43.1% (1566 of 3635 lines)
    functions..: 60.3% (155 of 257 functions)
    branches...: 33.3% (540 of 1621 branches)
[+] AFL test case: id:000045,src:000034,op:flip4,pos:12,+cov (45 / 158), cycle: 0
    lines......: 43.1% (1566 of 3635 lines)
    functions..: 60.3% (155 of 257 functions)
    branches...: 33.3% (540 of 1621 branches)
[+] AFL test case: id:000046,src:000034,op:arith8,pos:12,val:-2,+cov (46 / 158), cycle: 0
    lines......: 43.1% (1566 of 3635 lines)
    functions..: 60.3% (155 of 257 functions)
    branches...: 33.3% (540 of 1621 branches)
[+] AFL test case: id:000047,src:000034,op:arith8,pos:12,val:-5,+cov (47 / 158), cycle: 0
    lines......: 43.1% (1566 of 3635 lines)
    functions..: 60.3% (155 of 257 functions)
    branches...: 33.3% (540 of 1621 branches)
[+] AFL test case: id:000048,src:000034,op:arith8,pos:12,val:-6,+cov (48 / 158), cycle: 0
    lines......: 43.1% (1566 of 3635 lines)
    functions..: 60.3% (155 of 257 functions)
    branches...: 33.3% (540 of 1621 branches)
[+] AFL test case: id:000049,src:000037,op:arith8,pos:13,val:+26,+cov (49 / 158), cycle: 0
    lines......: 43.1% (1566 of 3635 lines)
    functions..: 60.3% (155 of 257 functions)
    branches...: 33.3% (540 of 1621 branches)
[+] AFL test case: id:000050,src:000037,op:arith16,pos:13,val:+26,+cov (50 / 158), cycle: 0
    lines......: 43.1% (1566 of 3635 lines)
    functions..: 60.3% (155 of 257 functions)
    branches...: 33.3% (540 of 1621 branches)
[+] AFL test case: id:000051,src:000037,op:havoc,rep:2,+cov (51 / 158), cycle: 0
    lines......: 43.1% (1566 of 3635 lines)
    functions..: 60.3% (155 of 257 functions)
    branches...: 33.3% (540 of 1621 branches)
[+] AFL test case: id:000052,src:000038,op:flip1,pos:16,+cov (52 / 158), cycle: 0
    lines......: 43.1% (1566 of 3635 lines)
    functions..: 60.3% (155 of 257 functions)
    branches...: 33.3% (540 of 1621 branches)
[+] AFL test case: id:000053,src:000038,op:flip2,pos:16 (53 / 158), cycle: 0
    lines......: 43.1% (1566 of 3635 lines)
    functions..: 60.3% (155 of 257 functions)
    branches...: 33.3% (540 of 1621 branches)
[+] AFL test case: id:000054,src:000040,op:flip4,pos:12,+cov (54 / 158), cycle: 0
    lines......: 43.1% (1566 of 3635 lines)
    functions..: 60.3% (155 of 257 functions)
    branches...: 33.3% (540 of 1621 branches)
[+] AFL test case: id:000055,src:000040,op:arith8,pos:12,val:-3,+cov (55 / 158), cycle: 0
    lines......: 43.1% (1566 of 3635 lines)
    functions..: 60.3% (155 of 257 functions)
    branches...: 33.3% (540 of 1621 branches)
[+] AFL test case: id:000056,src:000040,op:arith8,pos:12,val:-5,+cov (56 / 158), cycle: 0
    lines......: 43.1% (1566 of 3635 lines)
    functions..: 60.3% (155 of 257 functions)
    branches...: 33.3% (540 of 1621 branches)
[+] AFL test case: id:000057,src:000040,op:arith8,pos:12,val:-6,+cov (57 / 158), cycle: 0
    lines......: 43.1% (1566 of 3635 lines)
    functions..: 60.3% (155 of 257 functions)
    branches...: 33.3% (540 of 1621 branches)
[+] AFL test case: id:000058,src:000040,op:havoc,rep:16,+cov (58 / 158), cycle: 0
    lines......: 43.1% (1566 of 3635 lines)
    functions..: 60.3% (155 of 257 functions)
    branches...: 33.3% (540 of 1621 branches)
[+] AFL test case: id:000059,src:000052,op:flip1,pos:28,+cov (59 / 158), cycle: 0
    lines......: 43.1% (1566 of 3635 lines)
    functions..: 60.3% (155 of 257 functions)
    branches...: 33.3% (540 of 1621 branches)
[+] AFL test case: id:000060,src:000053,op:arith8,pos:29,val:+25 (60 / 158), cycle: 0
    lines......: 43.1% (1566 of 3635 lines)
    functions..: 60.3% (155 of 257 functions)
    branches...: 33.3% (540 of 1621 branches)
[+] AFL test case: id:000061,src:000056,op:havoc,rep:32 (61 / 158), cycle: 0
    lines......: 43.1% (1566 of 3635 lines)
    functions..: 60.3% (155 of 257 functions)
    branches...: 33.3% (540 of 1621 branches)
[+] AFL test case: id:000062,src:000019,op:havoc,rep:8 (62 / 158), cycle: 0
    lines......: 43.1% (1566 of 3635 lines)
    functions..: 60.3% (155 of 257 functions)
    branches...: 33.3% (540 of 1621 branches)
[+] AFL test case: id:000063,src:000045,op:havoc,rep:8 (63 / 158), cycle: 0
    lines......: 43.1% (1566 of 3635 lines)
    functions..: 60.3% (155 of 257 functions)
    branches...: 33.3% (540 of 1621 branches)
[+] AFL test case: id:000064,src:000047,op:havoc,rep:8 (64 / 158), cycle: 0
    lines......: 43.1% (1566 of 3635 lines)
    functions..: 60.3% (155 of 257 functions)
    branches...: 33.3% (540 of 1621 branches)
[+] AFL test case: id:000065,src:000047,op:havoc,rep:16 (65 / 158), cycle: 0
    lines......: 43.1% (1566 of 3635 lines)
    functions..: 60.3% (155 of 257 functions)
    branches...: 33.3% (540 of 1621 branches)
[+] AFL test case: id:000066,src:000060,op:havoc,rep:4,+cov (66 / 158), cycle: 0
    lines......: 43.1% (1566 of 3635 lines)
    functions..: 60.3% (155 of 257 functions)
    branches...: 33.3% (540 of 1621 branches)
[+] AFL test case: id:000067,src:000066,op:havoc,rep:2 (67 / 158), cycle: 0
    lines......: 43.1% (1566 of 3635 lines)
    functions..: 60.3% (155 of 257 functions)
    branches...: 33.3% (540 of 1621 branches)
[+] AFL test case: id:000068,src:000066,op:havoc,rep:16 (68 / 158), cycle: 0
    lines......: 43.1% (1566 of 3635 lines)
    functions..: 60.3% (155 of 257 functions)
    branches...: 33.3% (540 of 1621 branches)
[+] AFL test case: id:000069,src:000066,op:havoc,rep:8 (69 / 158), cycle: 0
    lines......: 43.1% (1566 of 3635 lines)
    functions..: 60.3% (155 of 257 functions)
    branches...: 33.3% (540 of 1621 branches)
[+] AFL test case: id:000070,src:000068,op:flip2,pos:16 (70 / 158), cycle: 0
    lines......: 43.1% (1566 of 3635 lines)
    functions..: 60.3% (155 of 257 functions)
    branches...: 33.3% (540 of 1621 branches)
[+] AFL test case: id:000071,src:000068,op:flip2,pos:32,+cov (71 / 158), cycle: 0
    lines......: 43.1% (1566 of 3635 lines)
    functions..: 60.3% (155 of 257 functions)
    branches...: 33.3% (540 of 1621 branches)
[+] AFL test case: id:000072,src:000068,op:arith8,pos:52,val:+10,+cov (72 / 158), cycle: 0
    lines......: 43.1% (1566 of 3635 lines)
    functions..: 60.3% (155 of 257 functions)
    branches...: 33.3% (540 of 1621 branches)
[+] AFL test case: id:000073,src:000068,op:havoc,rep:4 (73 / 158), cycle: 0
    lines......: 43.1% (1566 of 3635 lines)
    functions..: 60.3% (155 of 257 functions)
    branches...: 33.3% (540 of 1621 branches)
[+] AFL test case: id:000074,src:000071,op:arith8,pos:52,val:+10 (74 / 158), cycle: 0
    lines......: 43.1% (1566 of 3635 lines)
    functions..: 60.3% (155 of 257 functions)
    branches...: 33.3% (540 of 1621 branches)
[+] AFL test case: id:000075,src:000074,op:havoc,rep:4 (75 / 158), cycle: 0
    lines......: 43.1% (1566 of 3635 lines)
    functions..: 60.3% (155 of 257 functions)
    branches...: 33.3% (540 of 1621 branches)
[+] AFL test case: id:000076,src:000074,op:havoc,rep:2 (76 / 158), cycle: 0
    lines......: 43.1% (1566 of 3635 lines)
    functions..: 60.3% (155 of 257 functions)
    branches...: 33.3% (540 of 1621 branches)
[+] AFL test case: id:000077,src:000074,op:havoc,rep:2 (77 / 158), cycle: 0
    lines......: 43.1% (1566 of 3635 lines)
    functions..: 60.3% (155 of 257 functions)
    branches...: 33.3% (540 of 1621 branches)
[+] AFL test case: id:000078,src:000070,op:havoc,rep:4 (78 / 158), cycle: 0
    lines......: 43.1% (1566 of 3635 lines)
    functions..: 60.3% (155 of 257 functions)
    branches...: 33.3% (540 of 1621 branches)
[+] AFL test case: id:000079,src:000070,op:havoc,rep:32 (79 / 158), cycle: 0
    lines......: 43.1% (1566 of 3635 lines)
    functions..: 60.3% (155 of 257 functions)
    branches...: 33.3% (540 of 1621 branches)
[+] AFL test case: id:000080,src:000070,op:havoc,rep:2 (80 / 158), cycle: 0
    lines......: 43.1% (1566 of 3635 lines)
    functions..: 60.3% (155 of 257 functions)
    branches...: 33.3% (540 of 1621 branches)
[+] AFL test case: id:000081,src:000070,op:havoc,rep:128 (81 / 158), cycle: 0
    lines......: 43.1% (1566 of 3635 lines)
    functions..: 60.3% (155 of 257 functions)
    branches...: 33.3% (540 of 1621 branches)
[+] AFL test case: id:000082,src:000081,op:flip1,pos:4 (82 / 158), cycle: 0
    lines......: 43.1% (1566 of 3635 lines)
    functions..: 60.3% (155 of 257 functions)
    branches...: 33.3% (540 of 1621 branches)
[+] AFL test case: id:000083,src:000082,op:flip1,pos:11 (83 / 158), cycle: 0
    lines......: 43.1% (1566 of 3635 lines)
    functions..: 60.3% (155 of 257 functions)
    branches...: 33.3% (540 of 1621 branches)
[+] AFL test case: id:000084,src:000082,op:flip2,pos:11 (84 / 158), cycle: 0
    lines......: 43.1% (1566 of 3635 lines)
    functions..: 60.3% (155 of 257 functions)
    branches...: 33.3% (540 of 1621 branches)
[+] AFL test case: id:000085,src:000082,op:flip2,pos:12 (85 / 158), cycle: 0
    lines......: 43.1% (1566 of 3635 lines)
    functions..: 60.3% (155 of 257 functions)
    branches...: 33.3% (540 of 1621 branches)
[+] AFL test case: id:000086,src:000082,op:flip4,pos:11 (86 / 158), cycle: 0
    lines......: 43.1% (1566 of 3635 lines)
    functions..: 60.3% (155 of 257 functions)
    branches...: 33.3% (540 of 1621 branches)
[+] AFL test case: id:000087,src:000082,op:havoc,rep:32 (87 / 158), cycle: 0
    lines......: 43.1% (1566 of 3635 lines)
    functions..: 60.3% (155 of 257 functions)
    branches...: 33.3% (540 of 1621 branches)
[+] AFL test case: id:000088,src:000082,op:havoc,rep:64 (88 / 158), cycle: 0
    lines......: 43.1% (1566 of 3635 lines)
    functions..: 60.3% (155 of 257 functions)
    branches...: 33.3% (540 of 1621 branches)
[+] AFL test case: id:000089,src:000082,op:havoc,rep:128 (89 / 158), cycle: 0
    lines......: 43.1% (1566 of 3635 lines)
    functions..: 60.3% (155 of 257 functions)
    branches...: 33.3% (540 of 1621 branches)
[+] AFL test case: id:000090,src:000082,op:havoc,rep:64 (90 / 158), cycle: 0
    lines......: 43.1% (1566 of 3635 lines)
    functions..: 60.3% (155 of 257 functions)
    branches...: 33.3% (540 of 1621 branches)
[+] AFL test case: id:000091,src:000064,op:havoc,rep:2 (91 / 158), cycle: 0
    lines......: 43.1% (1566 of 3635 lines)
    functions..: 60.3% (155 of 257 functions)
    branches...: 33.3% (540 of 1621 branches)
[+] AFL test case: id:000092,src:000054,op:havoc,rep:8 (92 / 158), cycle: 0
    lines......: 43.1% (1566 of 3635 lines)
    functions..: 60.3% (155 of 257 functions)
    branches...: 33.3% (540 of 1621 branches)
[+] AFL test case: id:000093,src:000078,op:havoc,rep:2 (93 / 158), cycle: 0
    lines......: 43.1% (1566 of 3635 lines)
    functions..: 60.3% (155 of 257 functions)
    branches...: 33.3% (540 of 1621 branches)
[+] AFL test case: id:000094,src:000078,op:havoc,rep:16 (94 / 158), cycle: 0
    lines......: 43.1% (1566 of 3635 lines)
    functions..: 60.3% (155 of 257 functions)
    branches...: 33.3% (540 of 1621 branches)
[+] AFL test case: id:000095,src:000078,op:havoc,rep:2 (95 / 158), cycle: 0
    lines......: 43.1% (1566 of 3635 lines)
    functions..: 60.3% (155 of 257 functions)
    branches...: 33.3% (540 of 1621 branches)
[+] AFL test case: id:000096,src:000078,op:havoc,rep:2 (96 / 158), cycle: 0
    lines......: 43.1% (1566 of 3635 lines)
    functions..: 60.3% (155 of 257 functions)
    branches...: 33.3% (540 of 1621 branches)
[+] AFL test case: id:000097,src:000095,op:havoc,rep:4 (97 / 158), cycle: 0
    lines......: 43.1% (1566 of 3635 lines)
    functions..: 60.3% (155 of 257 functions)
    branches...: 33.3% (540 of 1621 branches)
[+] AFL test case: id:000098,src:000095,op:havoc,rep:4 (98 / 158), cycle: 0
    lines......: 43.1% (1566 of 3635 lines)
    functions..: 60.3% (155 of 257 functions)
    branches...: 33.3% (540 of 1621 branches)
[+] AFL test case: id:000099,src:000096,op:havoc,rep:4 (99 / 158), cycle: 0
    lines......: 43.1% (1566 of 3635 lines)
    functions..: 60.3% (155 of 257 functions)
    branches...: 33.3% (540 of 1621 branches)
[+] AFL test case: id:000100,src:000035,op:havoc,rep:4 (100 / 158), cycle: 0
    lines......: 43.5% (1582 of 3635 lines)
    functions..: 60.7% (156 of 257 functions)
    branches...: 34.0% (551 of 1621 branches)

    Coverage diff id:000099,src:000096,op:havoc,rep:4 id:000100,src:000035,op:havoc,rep:4
diff id:000099,src:000096,op:havoc,rep:4 -> id:000100,src:000035,op:havoc,rep:4
Src file: /home/rahbar/tinydtls-fuzz-cov/dtls.c
  New 'function' coverage: hs_attempt_with_existing_peer()
  New 'line' coverage: 3090
  New 'line' coverage: 3775
  New 'line' coverage: 3776
  New 'line' coverage: 3822
  New 'line' coverage: 3828
  New 'line' coverage: 3829
  New 'line' coverage: 3830
  New 'line' coverage: 3831
  New 'line' coverage: 3832
  New 'line' coverage: 3833
  New 'line' coverage: 3834
  New 'line' coverage: 3836
  New 'line' coverage: 545
  New 'line' coverage: 548
  New 'line' coverage: 560
Src file: /home/rahbar/tinydtls-fuzz-cov/dtls-ccm.c
  New 'line' coverage: 287

[+] AFL test case: id:000101,src:000062,op:havoc,rep:4 (101 / 158), cycle: 0
    lines......: 43.5% (1582 of 3635 lines)
    functions..: 60.7% (156 of 257 functions)
    branches...: 34.0% (551 of 1621 branches)
[+] AFL test case: id:000102,src:000062,op:havoc,rep:2 (102 / 158), cycle: 0
    lines......: 43.5% (1582 of 3635 lines)
    functions..: 60.7% (156 of 257 functions)
    branches...: 34.0% (551 of 1621 branches)
[+] AFL test case: id:000103,src:000062,op:havoc,rep:2 (103 / 158), cycle: 0
    lines......: 43.5% (1582 of 3635 lines)
    functions..: 60.7% (156 of 257 functions)
    branches...: 34.0% (551 of 1621 branches)
[+] AFL test case: id:000104,src:000103,op:havoc,rep:4 (104 / 158), cycle: 0
    lines......: 43.5% (1582 of 3635 lines)
    functions..: 60.7% (156 of 257 functions)
    branches...: 34.0% (551 of 1621 branches)
[+] AFL test case: id:000105,src:000039,op:havoc,rep:2 (105 / 158), cycle: 0
    lines......: 43.5% (1582 of 3635 lines)
    functions..: 60.7% (156 of 257 functions)
    branches...: 34.0% (551 of 1621 branches)
[+] AFL test case: id:000106,src:000100,op:havoc,rep:2 (106 / 158), cycle: 0
    lines......: 43.5% (1582 of 3635 lines)
    functions..: 60.7% (156 of 257 functions)
    branches...: 34.0% (551 of 1621 branches)
[+] AFL test case: id:000107,src:000097,op:havoc,rep:2 (107 / 158), cycle: 0
    lines......: 43.5% (1582 of 3635 lines)
    functions..: 60.7% (156 of 257 functions)
    branches...: 34.0% (551 of 1621 branches)
[+] AFL test case: id:000108,src:000099,op:havoc,rep:2 (108 / 158), cycle: 0
    lines......: 43.5% (1582 of 3635 lines)
    functions..: 60.7% (156 of 257 functions)
    branches...: 34.0% (551 of 1621 branches)
[+] AFL test case: id:000109,src:000099,op:havoc,rep:2 (109 / 158), cycle: 0
    lines......: 43.5% (1582 of 3635 lines)
    functions..: 60.7% (156 of 257 functions)
    branches...: 34.0% (551 of 1621 branches)
[+] AFL test case: id:000110,src:000105,op:arith8,pos:41,val:-13 (110 / 158), cycle: 0
    lines......: 43.5% (1582 of 3635 lines)
    functions..: 60.7% (156 of 257 functions)
    branches...: 34.0% (551 of 1621 branches)
[+] AFL test case: id:000111,src:000105,op:havoc,rep:2 (111 / 158), cycle: 0
    lines......: 43.5% (1582 of 3635 lines)
    functions..: 60.7% (156 of 257 functions)
    branches...: 34.0% (551 of 1621 branches)
[+] AFL test case: id:000112,src:000105,op:havoc,rep:4 (112 / 158), cycle: 0
    lines......: 43.5% (1582 of 3635 lines)
    functions..: 60.7% (156 of 257 functions)
    branches...: 34.0% (551 of 1621 branches)
[+] AFL test case: id:000113,src:000015,op:havoc,rep:2 (113 / 158), cycle: 0
    lines......: 43.5% (1582 of 3635 lines)
    functions..: 60.7% (156 of 257 functions)
    branches...: 34.0% (551 of 1621 branches)
[+] AFL test case: id:000114,src:000112,op:havoc,rep:2 (114 / 158), cycle: 0
    lines......: 43.5% (1582 of 3635 lines)
    functions..: 60.7% (156 of 257 functions)
    branches...: 34.0% (551 of 1621 branches)
[+] AFL test case: id:000115,src:000112,op:havoc,rep:2 (115 / 158), cycle: 0
    lines......: 43.5% (1582 of 3635 lines)
    functions..: 60.7% (156 of 257 functions)
    branches...: 34.0% (551 of 1621 branches)
[+] AFL test case: id:000116,src:000028,op:havoc,rep:4 (116 / 158), cycle: 0
    lines......: 43.5% (1582 of 3635 lines)
    functions..: 60.7% (156 of 257 functions)
    branches...: 34.0% (551 of 1621 branches)
[+] AFL test case: id:000117,src:000094,op:havoc,rep:2 (117 / 158), cycle: 0
    lines......: 43.5% (1582 of 3635 lines)
    functions..: 60.7% (156 of 257 functions)
    branches...: 34.0% (551 of 1621 branches)
[+] AFL test case: id:000118,src:000094,op:havoc,rep:2 (118 / 158), cycle: 0
    lines......: 43.5% (1582 of 3635 lines)
    functions..: 60.7% (156 of 257 functions)
    branches...: 34.0% (551 of 1621 branches)
[+] AFL test case: id:000119,src:000109,op:havoc,rep:4 (119 / 158), cycle: 0
    lines......: 43.5% (1582 of 3635 lines)
    functions..: 60.7% (156 of 257 functions)
    branches...: 34.0% (551 of 1621 branches)
[+] AFL test case: id:000120,src:000109,op:havoc,rep:2 (120 / 158), cycle: 0
    lines......: 43.5% (1582 of 3635 lines)
    functions..: 60.7% (156 of 257 functions)
    branches...: 34.0% (551 of 1621 branches)
[+] AFL test case: id:000121,src:000116,op:havoc,rep:2 (121 / 158), cycle: 0
    lines......: 43.5% (1582 of 3635 lines)
    functions..: 60.7% (156 of 257 functions)
    branches...: 34.0% (551 of 1621 branches)
[+] AFL test case: id:000122,src:000076,op:havoc,rep:4 (122 / 158), cycle: 0
    lines......: 43.5% (1582 of 3635 lines)
    functions..: 60.7% (156 of 257 functions)
    branches...: 34.0% (551 of 1621 branches)
[+] AFL test case: id:000123,src:000117,op:havoc,rep:2 (123 / 158), cycle: 0
    lines......: 43.5% (1582 of 3635 lines)
    functions..: 60.7% (156 of 257 functions)
    branches...: 34.0% (551 of 1621 branches)
[+] AFL test case: id:000124,src:000114,op:havoc,rep:2 (124 / 158), cycle: 0
    lines......: 43.5% (1582 of 3635 lines)
    functions..: 60.7% (156 of 257 functions)
    branches...: 34.0% (551 of 1621 branches)
[+] AFL test case: id:000125,src:000120,op:havoc,rep:64 (125 / 158), cycle: 0
    lines......: 43.5% (1582 of 3635 lines)
    functions..: 60.7% (156 of 257 functions)
    branches...: 34.0% (551 of 1621 branches)
[+] AFL test case: id:000126,src:000120,op:havoc,rep:16 (126 / 158), cycle: 0
    lines......: 43.5% (1582 of 3635 lines)
    functions..: 60.7% (156 of 257 functions)
    branches...: 34.0% (551 of 1621 branches)
[+] AFL test case: id:000127,src:000125,op:havoc,rep:4 (127 / 158), cycle: 0
    lines......: 43.5% (1582 of 3635 lines)
    functions..: 60.7% (156 of 257 functions)
    branches...: 34.0% (551 of 1621 branches)
[+] AFL test case: id:000128,src:000127,op:flip1,pos:0 (128 / 158), cycle: 0
    lines......: 43.5% (1582 of 3635 lines)
    functions..: 60.7% (156 of 257 functions)
    branches...: 34.0% (551 of 1621 branches)
[+] AFL test case: id:000129,src:000092,op:havoc,rep:2 (129 / 158), cycle: 0
    lines......: 43.5% (1582 of 3635 lines)
    functions..: 60.7% (156 of 257 functions)
    branches...: 34.0% (551 of 1621 branches)
[+] AFL test case: id:000130,src:000092,op:havoc,rep:4 (130 / 158), cycle: 0
    lines......: 43.5% (1582 of 3635 lines)
    functions..: 60.7% (156 of 257 functions)
    branches...: 34.0% (551 of 1621 branches)
[+] AFL test case: id:000131,src:000126,op:havoc,rep:2 (131 / 158), cycle: 0
    lines......: 43.5% (1582 of 3635 lines)
    functions..: 60.7% (156 of 257 functions)
    branches...: 34.0% (551 of 1621 branches)
[+] AFL test case: id:000132,src:000126,op:havoc,rep:2 (132 / 158), cycle: 0
    lines......: 43.5% (1582 of 3635 lines)
    functions..: 60.7% (156 of 257 functions)
    branches...: 34.0% (551 of 1621 branches)
[+] AFL test case: id:000133,src:000121,op:havoc,rep:4 (133 / 158), cycle: 0
    lines......: 43.5% (1582 of 3635 lines)
    functions..: 60.7% (156 of 257 functions)
    branches...: 34.0% (551 of 1621 branches)
[+] AFL test case: id:000134,src:000116+000104,op:splice,rep:16 (134 / 158), cycle: 0
    lines......: 43.5% (1582 of 3635 lines)
    functions..: 60.7% (156 of 257 functions)
    branches...: 34.0% (551 of 1621 branches)
[+] AFL test case: id:000135,src:000026+000076,op:splice,rep:2 (135 / 158), cycle: 0
    lines......: 43.5% (1582 of 3635 lines)
    functions..: 60.7% (156 of 257 functions)
    branches...: 34.0% (551 of 1621 branches)
[+] AFL test case: id:000136,src:000026,op:havoc,rep:8 (136 / 158), cycle: 0
    lines......: 43.5% (1582 of 3635 lines)
    functions..: 60.7% (156 of 257 functions)
    branches...: 34.0% (551 of 1621 branches)
[+] AFL test case: id:000137,src:000123,op:havoc,rep:2 (137 / 158), cycle: 0
    lines......: 43.5% (1582 of 3635 lines)
    functions..: 60.7% (156 of 257 functions)
    branches...: 34.0% (551 of 1621 branches)
[+] AFL test case: id:000138,src:000137,op:havoc,rep:2 (138 / 158), cycle: 0
    lines......: 43.5% (1582 of 3635 lines)
    functions..: 60.7% (156 of 257 functions)
    branches...: 34.0% (551 of 1621 branches)
[+] AFL test case: id:000139,src:000137,op:havoc,rep:4 (139 / 158), cycle: 0
    lines......: 43.5% (1582 of 3635 lines)
    functions..: 60.7% (156 of 257 functions)
    branches...: 34.0% (551 of 1621 branches)
[+] AFL test case: id:000140,src:000106,op:havoc,rep:2 (140 / 158), cycle: 0
    lines......: 43.5% (1582 of 3635 lines)
    functions..: 60.7% (156 of 257 functions)
    branches...: 34.0% (551 of 1621 branches)
[+] AFL test case: id:000141,src:000138,op:havoc,rep:2 (141 / 158), cycle: 0
    lines......: 43.5% (1582 of 3635 lines)
    functions..: 60.7% (156 of 257 functions)
    branches...: 34.0% (551 of 1621 branches)
[+] AFL test case: id:000142,src:000138,op:havoc,rep:4 (142 / 158), cycle: 0
    lines......: 43.5% (1582 of 3635 lines)
    functions..: 60.7% (156 of 257 functions)
    branches...: 34.0% (551 of 1621 branches)
[+] AFL test case: id:000143,src:000142,op:havoc,rep:2 (143 / 158), cycle: 0
    lines......: 43.5% (1582 of 3635 lines)
    functions..: 60.7% (156 of 257 functions)
    branches...: 34.0% (551 of 1621 branches)
[+] AFL test case: id:000144,src:000142,op:havoc,rep:2 (144 / 158), cycle: 0
    lines......: 43.5% (1582 of 3635 lines)
    functions..: 60.7% (156 of 257 functions)
    branches...: 34.0% (551 of 1621 branches)
[+] AFL test case: id:000145,src:000134,op:havoc,rep:4 (145 / 158), cycle: 0
    lines......: 43.5% (1582 of 3635 lines)
    functions..: 60.7% (156 of 257 functions)
    branches...: 34.0% (551 of 1621 branches)
[+] AFL test case: id:000146,src:000145,op:havoc,rep:4 (146 / 158), cycle: 0
    lines......: 43.5% (1582 of 3635 lines)
    functions..: 60.7% (156 of 257 functions)
    branches...: 34.0% (551 of 1621 branches)
[+] AFL test case: id:000147,src:000136,op:havoc,rep:4 (147 / 158), cycle: 0
    lines......: 43.5% (1582 of 3635 lines)
    functions..: 60.7% (156 of 257 functions)
    branches...: 34.0% (551 of 1621 branches)
[+] AFL test case: id:000148,src:000147,op:havoc,rep:2 (148 / 158), cycle: 0
    lines......: 43.5% (1582 of 3635 lines)
    functions..: 60.7% (156 of 257 functions)
    branches...: 34.0% (551 of 1621 branches)
[+] AFL test case: id:000149,src:000070+000131,op:splice,rep:2 (149 / 158), cycle: 0
    lines......: 43.5% (1582 of 3635 lines)
    functions..: 60.7% (156 of 257 functions)
    branches...: 34.0% (551 of 1621 branches)
[+] AFL test case: id:000150,src:000038+000091,op:splice,rep:2 (150 / 158), cycle: 0
    lines......: 43.5% (1582 of 3635 lines)
    functions..: 60.7% (156 of 257 functions)
    branches...: 34.0% (551 of 1621 branches)
[+] AFL test case: id:000151,src:000150,op:havoc,rep:4 (151 / 158), cycle: 0
    lines......: 43.5% (1582 of 3635 lines)
    functions..: 60.7% (156 of 257 functions)
    branches...: 34.0% (551 of 1621 branches)
[+] AFL test case: id:000152,src:000148,op:havoc,rep:4 (152 / 158), cycle: 0
    lines......: 43.5% (1582 of 3635 lines)
    functions..: 60.7% (156 of 257 functions)
    branches...: 34.0% (551 of 1621 branches)
[+] AFL test case: id:000153,src:000122,op:havoc,rep:2 (153 / 158), cycle: 0
    lines......: 43.5% (1582 of 3635 lines)
    functions..: 60.7% (156 of 257 functions)
    branches...: 34.0% (551 of 1621 branches)
[+] AFL test case: id:000154,src:000153,op:havoc,rep:2 (154 / 158), cycle: 0
    lines......: 43.5% (1582 of 3635 lines)
    functions..: 60.7% (156 of 257 functions)
    branches...: 34.0% (551 of 1621 branches)
[+] AFL test case: id:000155,src:000154,op:havoc,rep:2 (155 / 158), cycle: 0
    lines......: 43.5% (1582 of 3635 lines)
    functions..: 60.7% (156 of 257 functions)
    branches...: 34.0% (551 of 1621 branches)
[+] AFL test case: id:000156,src:000059+000141,op:splice,rep:8 (156 / 158), cycle: 0
    lines......: 43.5% (1582 of 3635 lines)
    functions..: 60.7% (156 of 257 functions)
    branches...: 34.0% (551 of 1621 branches)
[+] AFL test case: id:000157,src:000009+000154,op:splice,rep:32 (157 / 158), cycle: 0
    lines......: 43.5% (1582 of 3635 lines)
    functions..: 60.7% (156 of 257 functions)
    branches...: 34.0% (551 of 1621 branches)
[+] Processed 158 / 158 test cases.

[+] Final zero coverage report: //home/rahbar/plot/cov/afl/s8/1//cov/zero-cov
[+] Final positive coverage report: //home/rahbar/plot/cov/afl/s8/1//cov/pos-cov
    lines......: 43.5% (1582 of 3635 lines)
    functions..: 60.7% (156 of 257 functions)
    branches...: 34.0% (551 of 1621 branches)
[+] Final lcov web report: //home/rahbar/plot/cov/afl/s8/1//cov/web/index.html
